{"C:\\Users\\stickcz\\Videos\\tutela meranny\\cotizacion\\proyecto-cotizaciones\\app.js": {"path":"C:\\Users\\stickcz\\Videos\\tutela meranny\\cotizacion\\proyecto-cotizaciones\\app.js","statementMap":{"0":{"start":{"line":1,"column":15},"end":{"line":1,"column":32}},"1":{"start":{"line":2,"column":16},"end":{"line":2,"column":34}},"2":{"start":{"line":3,"column":13},"end":{"line":3,"column":28}},"3":{"start":{"line":4,"column":16},"end":{"line":4,"column":42}},"4":{"start":{"line":5,"column":20},"end":{"line":5,"column":55}},"5":{"start":{"line":6,"column":17},"end":{"line":6,"column":36}},"6":{"start":{"line":7,"column":14},"end":{"line":7,"column":38}},"7":{"start":{"line":8,"column":0},"end":{"line":8,"column":27}},"8":{"start":{"line":10,"column":12},"end":{"line":10,"column":21}},"9":{"start":{"line":13,"column":0},"end":{"line":13,"column":30}},"10":{"start":{"line":14,"column":0},"end":{"line":14,"column":48}},"11":{"start":{"line":17,"column":0},"end":{"line":17,"column":56}},"12":{"start":{"line":18,"column":0},"end":{"line":18,"column":48}},"13":{"start":{"line":19,"column":0},"end":{"line":19,"column":24}},"14":{"start":{"line":22,"column":0},"end":{"line":34,"column":4}},"15":{"start":{"line":37,"column":0},"end":{"line":37,"column":17}},"16":{"start":{"line":40,"column":0},"end":{"line":40,"column":31}},"17":{"start":{"line":41,"column":0},"end":{"line":41,"column":28}},"18":{"start":{"line":42,"column":0},"end":{"line":42,"column":39}},"19":{"start":{"line":45,"column":0},"end":{"line":50,"column":3}},"20":{"start":{"line":46,"column":4},"end":{"line":46,"column":31}},"21":{"start":{"line":47,"column":4},"end":{"line":47,"column":42}},"22":{"start":{"line":48,"column":4},"end":{"line":48,"column":46}},"23":{"start":{"line":49,"column":4},"end":{"line":49,"column":11}},"24":{"start":{"line":53,"column":19},"end":{"line":53,"column":43}},"25":{"start":{"line":54,"column":24},"end":{"line":54,"column":53}},"26":{"start":{"line":55,"column":20},"end":{"line":55,"column":45}},"27":{"start":{"line":57,"column":0},"end":{"line":57,"column":25}},"28":{"start":{"line":58,"column":0},"end":{"line":58,"column":30}},"29":{"start":{"line":59,"column":0},"end":{"line":59,"column":26}},"30":{"start":{"line":62,"column":0},"end":{"line":67,"column":3}},"31":{"start":{"line":63,"column":4},"end":{"line":66,"column":7}},"32":{"start":{"line":69,"column":0},"end":{"line":76,"column":3}},"33":{"start":{"line":70,"column":4},"end":{"line":70,"column":29}},"34":{"start":{"line":71,"column":4},"end":{"line":75,"column":7}},"35":{"start":{"line":79,"column":13},"end":{"line":79,"column":37}},"36":{"start":{"line":80,"column":0},"end":{"line":82,"column":3}},"37":{"start":{"line":81,"column":4},"end":{"line":81,"column":66}},"38":{"start":{"line":84,"column":0},"end":{"line":84,"column":21}},"39":{"start":{"line":87,"column":0},"end":{"line":87,"column":18}},"40":{"start":{"line":88,"column":0},"end":{"line":96,"column":4}},"41":{"start":{"line":99,"column":18},"end":{"line":99,"column":47}},"42":{"start":{"line":100,"column":16},"end":{"line":103,"column":2}},"43":{"start":{"line":104,"column":0},"end":{"line":104,"column":17}}},"fnMap":{"0":{"name":"(anonymous_0)","decl":{"start":{"line":45,"column":8},"end":{"line":45,"column":9}},"loc":{"start":{"line":45,"column":28},"end":{"line":50,"column":1}},"line":45},"1":{"name":"(anonymous_1)","decl":{"start":{"line":62,"column":8},"end":{"line":62,"column":9}},"loc":{"start":{"line":62,"column":28},"end":{"line":67,"column":1}},"line":62},"2":{"name":"(anonymous_2)","decl":{"start":{"line":69,"column":8},"end":{"line":69,"column":9}},"loc":{"start":{"line":69,"column":33},"end":{"line":76,"column":1}},"line":69},"3":{"name":"(anonymous_3)","decl":{"start":{"line":80,"column":17},"end":{"line":80,"column":18}},"loc":{"start":{"line":80,"column":23},"end":{"line":82,"column":1}},"line":80}},"branchMap":{"0":{"loc":{"start":{"line":24,"column":12},"end":{"line":24,"column":72}},"type":"cond-expr","locations":[{"start":{"line":24,"column":46},"end":{"line":24,"column":56}},{"start":{"line":24,"column":59},"end":{"line":24,"column":72}}],"line":24},"1":{"loc":{"start":{"line":27,"column":12},"end":{"line":27,"column":62}},"type":"binary-expr","locations":[{"start":{"line":27,"column":12},"end":{"line":27,"column":38}},{"start":{"line":27,"column":42},"end":{"line":27,"column":62}}],"line":27},"2":{"loc":{"start":{"line":74,"column":15},"end":{"line":74,"column":64}},"type":"cond-expr","locations":[{"start":{"line":74,"column":56},"end":{"line":74,"column":59}},{"start":{"line":74,"column":62},"end":{"line":74,"column":64}}],"line":74},"3":{"loc":{"start":{"line":79,"column":13},"end":{"line":79,"column":37}},"type":"binary-expr","locations":[{"start":{"line":79,"column":13},"end":{"line":79,"column":29}},{"start":{"line":79,"column":33},"end":{"line":79,"column":37}}],"line":79}},"s":{"0":1,"1":1,"2":1,"3":1,"4":1,"5":1,"6":1,"7":1,"8":1,"9":1,"10":1,"11":1,"12":1,"13":1,"14":1,"15":1,"16":1,"17":1,"18":1,"19":1,"20":3,"21":3,"22":3,"23":3,"24":1,"25":1,"26":1,"27":1,"28":1,"29":1,"30":1,"31":0,"32":1,"33":1,"34":1,"35":1,"36":1,"37":1,"38":1,"39":1,"40":1,"41":1,"42":1,"43":1},"f":{"0":3,"1":0,"2":1,"3":1},"b":{"0":[1,0],"1":[1,0],"2":[0,1],"3":[1,1]},"_coverageSchema":"1a1c01bbd47fc00a2c39e90264f33305004495a9","hash":"7f42351e0d93d128410fa2ebd439d7e9754449b3"}
,"C:\\Users\\stickcz\\Videos\\tutela meranny\\cotizacion\\proyecto-cotizaciones\\config\\database.js": {"path":"C:\\Users\\stickcz\\Videos\\tutela meranny\\cotizacion\\proyecto-cotizaciones\\config\\database.js","statementMap":{"0":{"start":{"line":2,"column":16},"end":{"line":2,"column":44}},"1":{"start":{"line":5,"column":11},"end":{"line":11,"column":2}},"2":{"start":{"line":6,"column":4},"end":{"line":10,"column":5}},"3":{"start":{"line":7,"column":8},"end":{"line":7,"column":78}},"4":{"start":{"line":9,"column":8},"end":{"line":9,"column":59}},"5":{"start":{"line":14,"column":0},"end":{"line":169,"column":3}},"6":{"start":{"line":16,"column":25},"end":{"line":24,"column":5}},"7":{"start":{"line":17,"column":8},"end":{"line":23,"column":12}},"8":{"start":{"line":29,"column":4},"end":{"line":40,"column":7}},"9":{"start":{"line":43,"column":4},"end":{"line":58,"column":7}},"10":{"start":{"line":61,"column":4},"end":{"line":70,"column":7}},"11":{"start":{"line":73,"column":4},"end":{"line":79,"column":7}},"12":{"start":{"line":82,"column":4},"end":{"line":88,"column":7}},"13":{"start":{"line":91,"column":4},"end":{"line":98,"column":7}},"14":{"start":{"line":101,"column":4},"end":{"line":108,"column":7}},"15":{"start":{"line":111,"column":4},"end":{"line":120,"column":7}},"16":{"start":{"line":123,"column":4},"end":{"line":130,"column":7}},"17":{"start":{"line":133,"column":4},"end":{"line":142,"column":7}},"18":{"start":{"line":145,"column":4},"end":{"line":155,"column":7}},"19":{"start":{"line":158,"column":4},"end":{"line":168,"column":6}},"20":{"start":{"line":162,"column":12},"end":{"line":166,"column":13}},"21":{"start":{"line":163,"column":16},"end":{"line":163,"column":81}},"22":{"start":{"line":165,"column":16},"end":{"line":165,"column":74}},"23":{"start":{"line":171,"column":0},"end":{"line":171,"column":20}}},"fnMap":{"0":{"name":"(anonymous_0)","decl":{"start":{"line":5,"column":51},"end":{"line":5,"column":52}},"loc":{"start":{"line":5,"column":60},"end":{"line":11,"column":1}},"line":5},"1":{"name":"(anonymous_1)","decl":{"start":{"line":14,"column":13},"end":{"line":14,"column":14}},"loc":{"start":{"line":14,"column":19},"end":{"line":169,"column":1}},"line":14},"2":{"name":"(anonymous_2)","decl":{"start":{"line":16,"column":25},"end":{"line":16,"column":26}},"loc":{"start":{"line":16,"column":31},"end":{"line":24,"column":5}},"line":16},"3":{"name":"(anonymous_3)","decl":{"start":{"line":161,"column":8},"end":{"line":161,"column":9}},"loc":{"start":{"line":161,"column":17},"end":{"line":167,"column":9}},"line":161}},"branchMap":{"0":{"loc":{"start":{"line":6,"column":4},"end":{"line":10,"column":5}},"type":"if","locations":[{"start":{"line":6,"column":4},"end":{"line":10,"column":5}},{"start":{"line":8,"column":11},"end":{"line":10,"column":5}}],"line":6},"1":{"loc":{"start":{"line":162,"column":12},"end":{"line":166,"column":13}},"type":"if","locations":[{"start":{"line":162,"column":12},"end":{"line":166,"column":13}},{"start":{"line":164,"column":19},"end":{"line":166,"column":13}}],"line":162}},"s":{"0":2,"1":2,"2":2,"3":0,"4":2,"5":2,"6":2,"7":0,"8":2,"9":2,"10":2,"11":2,"12":2,"13":2,"14":2,"15":2,"16":2,"17":2,"18":2,"19":2,"20":2,"21":0,"22":2,"23":2},"f":{"0":2,"1":2,"2":0,"3":2},"b":{"0":[0,2],"1":[0,2]},"_coverageSchema":"1a1c01bbd47fc00a2c39e90264f33305004495a9","hash":"8c6db3432c77f54f46ec0d20d6e35bf7ed81cbc8"}
,"C:\\Users\\stickcz\\Videos\\tutela meranny\\cotizacion\\proyecto-cotizaciones\\config\\passport.js": {"path":"C:\\Users\\stickcz\\Videos\\tutela meranny\\cotizacion\\proyecto-cotizaciones\\config\\passport.js","statementMap":{"0":{"start":{"line":1,"column":22},"end":{"line":1,"column":56}},"1":{"start":{"line":2,"column":15},"end":{"line":2,"column":34}},"2":{"start":{"line":3,"column":13},"end":{"line":3,"column":38}},"3":{"start":{"line":5,"column":0},"end":{"line":38,"column":2}},"4":{"start":{"line":6,"column":4},"end":{"line":24,"column":8}},"5":{"start":{"line":9,"column":8},"end":{"line":23,"column":9}},"6":{"start":{"line":10,"column":25},"end":{"line":10,"column":54}},"7":{"start":{"line":11,"column":12},"end":{"line":13,"column":13}},"8":{"start":{"line":12,"column":16},"end":{"line":12,"column":79}},"9":{"start":{"line":15,"column":28},"end":{"line":15,"column":73}},"10":{"start":{"line":16,"column":12},"end":{"line":18,"column":13}},"11":{"start":{"line":17,"column":16},"end":{"line":17,"column":79}},"12":{"start":{"line":20,"column":12},"end":{"line":20,"column":36}},"13":{"start":{"line":22,"column":12},"end":{"line":22,"column":31}},"14":{"start":{"line":26,"column":4},"end":{"line":28,"column":7}},"15":{"start":{"line":27,"column":8},"end":{"line":27,"column":28}},"16":{"start":{"line":30,"column":4},"end":{"line":37,"column":7}},"17":{"start":{"line":31,"column":8},"end":{"line":36,"column":9}},"18":{"start":{"line":32,"column":25},"end":{"line":32,"column":48}},"19":{"start":{"line":33,"column":12},"end":{"line":33,"column":29}},"20":{"start":{"line":35,"column":12},"end":{"line":35,"column":24}}},"fnMap":{"0":{"name":"(anonymous_0)","decl":{"start":{"line":5,"column":17},"end":{"line":5,"column":18}},"loc":{"start":{"line":5,"column":31},"end":{"line":38,"column":1}},"line":5},"1":{"name":"(anonymous_1)","decl":{"start":{"line":8,"column":7},"end":{"line":8,"column":8}},"loc":{"start":{"line":8,"column":40},"end":{"line":24,"column":5}},"line":8},"2":{"name":"(anonymous_2)","decl":{"start":{"line":26,"column":27},"end":{"line":26,"column":28}},"loc":{"start":{"line":26,"column":43},"end":{"line":28,"column":5}},"line":26},"3":{"name":"(anonymous_3)","decl":{"start":{"line":30,"column":29},"end":{"line":30,"column":30}},"loc":{"start":{"line":30,"column":49},"end":{"line":37,"column":5}},"line":30}},"branchMap":{"0":{"loc":{"start":{"line":11,"column":12},"end":{"line":13,"column":13}},"type":"if","locations":[{"start":{"line":11,"column":12},"end":{"line":13,"column":13}},{"start":{},"end":{}}],"line":11},"1":{"loc":{"start":{"line":16,"column":12},"end":{"line":18,"column":13}},"type":"if","locations":[{"start":{"line":16,"column":12},"end":{"line":18,"column":13}},{"start":{},"end":{}}],"line":16}},"s":{"0":1,"1":1,"2":1,"3":1,"4":1,"5":1,"6":1,"7":1,"8":0,"9":1,"10":1,"11":0,"12":1,"13":0,"14":1,"15":1,"16":1,"17":1,"18":1,"19":0,"20":1},"f":{"0":1,"1":1,"2":1,"3":1},"b":{"0":[0,1],"1":[0,1]},"_coverageSchema":"1a1c01bbd47fc00a2c39e90264f33305004495a9","hash":"c93b3c714ac1399a58d622b2f4ee9f7807fe7931"}
,"C:\\Users\\stickcz\\Videos\\tutela meranny\\cotizacion\\proyecto-cotizaciones\\controllers\\authController.js": {"path":"C:\\Users\\stickcz\\Videos\\tutela meranny\\cotizacion\\proyecto-cotizaciones\\controllers\\authController.js","statementMap":{"0":{"start":{"line":2,"column":15},"end":{"line":2,"column":34}},"1":{"start":{"line":3,"column":13},"end":{"line":3,"column":38}},"2":{"start":{"line":4,"column":17},"end":{"line":4,"column":36}},"3":{"start":{"line":5,"column":15},"end":{"line":5,"column":41}},"4":{"start":{"line":7,"column":0},"end":{"line":22,"column":2}},"5":{"start":{"line":8,"column":4},"end":{"line":21,"column":5}},"6":{"start":{"line":9,"column":8},"end":{"line":13,"column":11}},"7":{"start":{"line":15,"column":8},"end":{"line":15,"column":50}},"8":{"start":{"line":16,"column":8},"end":{"line":20,"column":11}},"9":{"start":{"line":24,"column":0},"end":{"line":31,"column":2}},"10":{"start":{"line":25,"column":4},"end":{"line":30,"column":23}},"11":{"start":{"line":33,"column":0},"end":{"line":38,"column":2}},"12":{"start":{"line":34,"column":4},"end":{"line":37,"column":7}},"13":{"start":{"line":40,"column":0},"end":{"line":50,"column":2}},"14":{"start":{"line":41,"column":4},"end":{"line":49,"column":5}},"15":{"start":{"line":42,"column":46},"end":{"line":42,"column":54}},"16":{"start":{"line":43,"column":8},"end":{"line":43,"column":53}},"17":{"start":{"line":44,"column":8},"end":{"line":44,"column":65}},"18":{"start":{"line":45,"column":8},"end":{"line":45,"column":31}},"19":{"start":{"line":47,"column":8},"end":{"line":47,"column":57}},"20":{"start":{"line":48,"column":8},"end":{"line":48,"column":34}},"21":{"start":{"line":52,"column":0},"end":{"line":58,"column":2}},"22":{"start":{"line":53,"column":4},"end":{"line":57,"column":7}},"23":{"start":{"line":54,"column":8},"end":{"line":54,"column":34}},"24":{"start":{"line":54,"column":17},"end":{"line":54,"column":34}},"25":{"start":{"line":55,"column":8},"end":{"line":55,"column":61}},"26":{"start":{"line":56,"column":8},"end":{"line":56,"column":31}}},"fnMap":{"0":{"name":"(anonymous_0)","decl":{"start":{"line":7,"column":19},"end":{"line":7,"column":20}},"loc":{"start":{"line":7,"column":33},"end":{"line":22,"column":1}},"line":7},"1":{"name":"(anonymous_1)","decl":{"start":{"line":24,"column":20},"end":{"line":24,"column":21}},"loc":{"start":{"line":24,"column":40},"end":{"line":31,"column":1}},"line":24},"2":{"name":"(anonymous_2)","decl":{"start":{"line":33,"column":22},"end":{"line":33,"column":23}},"loc":{"start":{"line":33,"column":36},"end":{"line":38,"column":1}},"line":33},"3":{"name":"(anonymous_3)","decl":{"start":{"line":40,"column":23},"end":{"line":40,"column":24}},"loc":{"start":{"line":40,"column":49},"end":{"line":50,"column":1}},"line":40},"4":{"name":"(anonymous_4)","decl":{"start":{"line":52,"column":17},"end":{"line":52,"column":18}},"loc":{"start":{"line":52,"column":37},"end":{"line":58,"column":1}},"line":52},"5":{"name":"(anonymous_5)","decl":{"start":{"line":53,"column":15},"end":{"line":53,"column":16}},"loc":{"start":{"line":53,"column":24},"end":{"line":57,"column":5}},"line":53}},"branchMap":{"0":{"loc":{"start":{"line":19,"column":19},"end":{"line":19,"column":70}},"type":"cond-expr","locations":[{"start":{"line":19,"column":60},"end":{"line":19,"column":65}},{"start":{"line":19,"column":68},"end":{"line":19,"column":70}}],"line":19},"1":{"loc":{"start":{"line":54,"column":8},"end":{"line":54,"column":34}},"type":"if","locations":[{"start":{"line":54,"column":8},"end":{"line":54,"column":34}},{"start":{},"end":{}}],"line":54}},"s":{"0":1,"1":1,"2":1,"3":1,"4":1,"5":1,"6":1,"7":0,"8":0,"9":1,"10":1,"11":1,"12":0,"13":1,"14":1,"15":1,"16":1,"17":1,"18":1,"19":0,"20":0,"21":1,"22":0,"23":0,"24":0,"25":0,"26":0},"f":{"0":1,"1":1,"2":0,"3":1,"4":0,"5":0},"b":{"0":[0,0],"1":[0,0]},"_coverageSchema":"1a1c01bbd47fc00a2c39e90264f33305004495a9","hash":"eeb9f694faae6353a39d10507b10f9cadc461f87"}
,"C:\\Users\\stickcz\\Videos\\tutela meranny\\cotizacion\\proyecto-cotizaciones\\controllers\\dashboardController.js": {"path":"C:\\Users\\stickcz\\Videos\\tutela meranny\\cotizacion\\proyecto-cotizaciones\\controllers\\dashboardController.js","statementMap":{"0":{"start":{"line":1,"column":15},"end":{"line":1,"column":42}},"1":{"start":{"line":2,"column":17},"end":{"line":2,"column":46}},"2":{"start":{"line":3,"column":25},"end":{"line":3,"column":63}},"3":{"start":{"line":4,"column":18},"end":{"line":4,"column":48}},"4":{"start":{"line":5,"column":14},"end":{"line":5,"column":40}},"5":{"start":{"line":6,"column":24},"end":{"line":6,"column":61}},"6":{"start":{"line":7,"column":20},"end":{"line":7,"column":48}},"7":{"start":{"line":8,"column":16},"end":{"line":8,"column":44}},"8":{"start":{"line":10,"column":0},"end":{"line":16,"column":2}},"9":{"start":{"line":11,"column":4},"end":{"line":15,"column":7}},"10":{"start":{"line":18,"column":0},"end":{"line":28,"column":2}},"11":{"start":{"line":19,"column":4},"end":{"line":27,"column":7}},"12":{"start":{"line":20,"column":8},"end":{"line":20,"column":34}},"13":{"start":{"line":20,"column":17},"end":{"line":20,"column":34}},"14":{"start":{"line":21,"column":8},"end":{"line":26,"column":11}},"15":{"start":{"line":30,"column":0},"end":{"line":37,"column":2}},"16":{"start":{"line":31,"column":99},"end":{"line":31,"column":107}},"17":{"start":{"line":32,"column":19},"end":{"line":32,"column":113}},"18":{"start":{"line":33,"column":4},"end":{"line":36,"column":7}},"19":{"start":{"line":34,"column":8},"end":{"line":34,"column":34}},"20":{"start":{"line":34,"column":17},"end":{"line":34,"column":34}},"21":{"start":{"line":35,"column":8},"end":{"line":35,"column":40}},"22":{"start":{"line":39,"column":0},"end":{"line":56,"column":2}},"23":{"start":{"line":40,"column":15},"end":{"line":40,"column":28}},"24":{"start":{"line":41,"column":4},"end":{"line":55,"column":7}},"25":{"start":{"line":42,"column":8},"end":{"line":42,"column":34}},"26":{"start":{"line":42,"column":17},"end":{"line":42,"column":34}},"27":{"start":{"line":43,"column":8},"end":{"line":48,"column":11}},"28":{"start":{"line":43,"column":21},"end":{"line":48,"column":11}},"29":{"start":{"line":49,"column":8},"end":{"line":54,"column":11}},"30":{"start":{"line":58,"column":0},"end":{"line":66,"column":2}},"31":{"start":{"line":59,"column":15},"end":{"line":59,"column":28}},"32":{"start":{"line":60,"column":99},"end":{"line":60,"column":107}},"33":{"start":{"line":61,"column":19},"end":{"line":61,"column":113}},"34":{"start":{"line":62,"column":4},"end":{"line":65,"column":7}},"35":{"start":{"line":63,"column":8},"end":{"line":63,"column":34}},"36":{"start":{"line":63,"column":17},"end":{"line":63,"column":34}},"37":{"start":{"line":64,"column":8},"end":{"line":64,"column":40}},"38":{"start":{"line":68,"column":0},"end":{"line":74,"column":2}},"39":{"start":{"line":69,"column":15},"end":{"line":69,"column":28}},"40":{"start":{"line":70,"column":4},"end":{"line":73,"column":7}},"41":{"start":{"line":71,"column":8},"end":{"line":71,"column":34}},"42":{"start":{"line":71,"column":17},"end":{"line":71,"column":34}},"43":{"start":{"line":72,"column":8},"end":{"line":72,"column":40}},"44":{"start":{"line":76,"column":0},"end":{"line":86,"column":2}},"45":{"start":{"line":77,"column":4},"end":{"line":85,"column":7}},"46":{"start":{"line":78,"column":8},"end":{"line":78,"column":34}},"47":{"start":{"line":78,"column":17},"end":{"line":78,"column":34}},"48":{"start":{"line":79,"column":8},"end":{"line":84,"column":11}},"49":{"start":{"line":88,"column":0},"end":{"line":95,"column":2}},"50":{"start":{"line":89,"column":63},"end":{"line":89,"column":71}},"51":{"start":{"line":90,"column":21},"end":{"line":90,"column":81}},"52":{"start":{"line":91,"column":4},"end":{"line":94,"column":7}},"53":{"start":{"line":92,"column":8},"end":{"line":92,"column":34}},"54":{"start":{"line":92,"column":17},"end":{"line":92,"column":34}},"55":{"start":{"line":93,"column":8},"end":{"line":93,"column":42}},"56":{"start":{"line":97,"column":0},"end":{"line":114,"column":2}},"57":{"start":{"line":98,"column":15},"end":{"line":98,"column":28}},"58":{"start":{"line":99,"column":4},"end":{"line":113,"column":7}},"59":{"start":{"line":100,"column":8},"end":{"line":100,"column":34}},"60":{"start":{"line":100,"column":17},"end":{"line":100,"column":34}},"61":{"start":{"line":101,"column":8},"end":{"line":106,"column":11}},"62":{"start":{"line":101,"column":23},"end":{"line":106,"column":11}},"63":{"start":{"line":107,"column":8},"end":{"line":112,"column":11}},"64":{"start":{"line":116,"column":0},"end":{"line":124,"column":2}},"65":{"start":{"line":117,"column":15},"end":{"line":117,"column":28}},"66":{"start":{"line":118,"column":63},"end":{"line":118,"column":71}},"67":{"start":{"line":119,"column":21},"end":{"line":119,"column":81}},"68":{"start":{"line":120,"column":4},"end":{"line":123,"column":7}},"69":{"start":{"line":121,"column":8},"end":{"line":121,"column":34}},"70":{"start":{"line":121,"column":17},"end":{"line":121,"column":34}},"71":{"start":{"line":122,"column":8},"end":{"line":122,"column":42}},"72":{"start":{"line":126,"column":0},"end":{"line":132,"column":2}},"73":{"start":{"line":127,"column":15},"end":{"line":127,"column":28}},"74":{"start":{"line":128,"column":4},"end":{"line":131,"column":7}},"75":{"start":{"line":129,"column":8},"end":{"line":129,"column":34}},"76":{"start":{"line":129,"column":17},"end":{"line":129,"column":34}},"77":{"start":{"line":130,"column":8},"end":{"line":130,"column":42}},"78":{"start":{"line":134,"column":0},"end":{"line":144,"column":2}},"79":{"start":{"line":135,"column":4},"end":{"line":143,"column":7}},"80":{"start":{"line":136,"column":8},"end":{"line":136,"column":34}},"81":{"start":{"line":136,"column":17},"end":{"line":136,"column":34}},"82":{"start":{"line":137,"column":8},"end":{"line":142,"column":11}},"83":{"start":{"line":146,"column":0},"end":{"line":153,"column":2}},"84":{"start":{"line":147,"column":33},"end":{"line":147,"column":41}},"85":{"start":{"line":148,"column":17},"end":{"line":148,"column":55}},"86":{"start":{"line":149,"column":4},"end":{"line":152,"column":7}},"87":{"start":{"line":150,"column":8},"end":{"line":150,"column":34}},"88":{"start":{"line":150,"column":17},"end":{"line":150,"column":34}},"89":{"start":{"line":151,"column":8},"end":{"line":151,"column":45}},"90":{"start":{"line":155,"column":0},"end":{"line":172,"column":2}},"91":{"start":{"line":156,"column":15},"end":{"line":156,"column":28}},"92":{"start":{"line":157,"column":4},"end":{"line":171,"column":7}},"93":{"start":{"line":158,"column":8},"end":{"line":158,"column":34}},"94":{"start":{"line":158,"column":17},"end":{"line":158,"column":34}},"95":{"start":{"line":159,"column":8},"end":{"line":164,"column":11}},"96":{"start":{"line":159,"column":19},"end":{"line":164,"column":11}},"97":{"start":{"line":165,"column":8},"end":{"line":170,"column":11}},"98":{"start":{"line":174,"column":0},"end":{"line":182,"column":2}},"99":{"start":{"line":175,"column":15},"end":{"line":175,"column":28}},"100":{"start":{"line":176,"column":33},"end":{"line":176,"column":41}},"101":{"start":{"line":177,"column":17},"end":{"line":177,"column":55}},"102":{"start":{"line":178,"column":4},"end":{"line":181,"column":7}},"103":{"start":{"line":179,"column":8},"end":{"line":179,"column":34}},"104":{"start":{"line":179,"column":17},"end":{"line":179,"column":34}},"105":{"start":{"line":180,"column":8},"end":{"line":180,"column":45}},"106":{"start":{"line":184,"column":0},"end":{"line":190,"column":2}},"107":{"start":{"line":185,"column":15},"end":{"line":185,"column":28}},"108":{"start":{"line":186,"column":4},"end":{"line":189,"column":7}},"109":{"start":{"line":187,"column":8},"end":{"line":187,"column":34}},"110":{"start":{"line":187,"column":17},"end":{"line":187,"column":34}},"111":{"start":{"line":188,"column":8},"end":{"line":188,"column":45}},"112":{"start":{"line":192,"column":0},"end":{"line":202,"column":2}},"113":{"start":{"line":193,"column":4},"end":{"line":201,"column":7}},"114":{"start":{"line":194,"column":8},"end":{"line":194,"column":34}},"115":{"start":{"line":194,"column":17},"end":{"line":194,"column":34}},"116":{"start":{"line":195,"column":8},"end":{"line":200,"column":11}},"117":{"start":{"line":204,"column":0},"end":{"line":211,"column":2}},"118":{"start":{"line":205,"column":28},"end":{"line":205,"column":36}},"119":{"start":{"line":206,"column":22},"end":{"line":206,"column":48}},"120":{"start":{"line":207,"column":4},"end":{"line":210,"column":7}},"121":{"start":{"line":208,"column":8},"end":{"line":208,"column":34}},"122":{"start":{"line":208,"column":17},"end":{"line":208,"column":34}},"123":{"start":{"line":209,"column":8},"end":{"line":209,"column":44}},"124":{"start":{"line":213,"column":0},"end":{"line":230,"column":2}},"125":{"start":{"line":214,"column":15},"end":{"line":214,"column":28}},"126":{"start":{"line":215,"column":4},"end":{"line":229,"column":7}},"127":{"start":{"line":216,"column":8},"end":{"line":216,"column":34}},"128":{"start":{"line":216,"column":17},"end":{"line":216,"column":34}},"129":{"start":{"line":217,"column":8},"end":{"line":222,"column":11}},"130":{"start":{"line":217,"column":24},"end":{"line":222,"column":11}},"131":{"start":{"line":223,"column":8},"end":{"line":228,"column":11}},"132":{"start":{"line":232,"column":0},"end":{"line":240,"column":2}},"133":{"start":{"line":233,"column":15},"end":{"line":233,"column":28}},"134":{"start":{"line":234,"column":28},"end":{"line":234,"column":36}},"135":{"start":{"line":235,"column":22},"end":{"line":235,"column":48}},"136":{"start":{"line":236,"column":4},"end":{"line":239,"column":7}},"137":{"start":{"line":237,"column":8},"end":{"line":237,"column":34}},"138":{"start":{"line":237,"column":17},"end":{"line":237,"column":34}},"139":{"start":{"line":238,"column":8},"end":{"line":238,"column":44}},"140":{"start":{"line":242,"column":0},"end":{"line":248,"column":2}},"141":{"start":{"line":243,"column":15},"end":{"line":243,"column":28}},"142":{"start":{"line":244,"column":4},"end":{"line":247,"column":7}},"143":{"start":{"line":245,"column":8},"end":{"line":245,"column":34}},"144":{"start":{"line":245,"column":17},"end":{"line":245,"column":34}},"145":{"start":{"line":246,"column":8},"end":{"line":246,"column":44}},"146":{"start":{"line":250,"column":0},"end":{"line":260,"column":2}},"147":{"start":{"line":251,"column":4},"end":{"line":259,"column":7}},"148":{"start":{"line":252,"column":8},"end":{"line":252,"column":34}},"149":{"start":{"line":252,"column":17},"end":{"line":252,"column":34}},"150":{"start":{"line":253,"column":8},"end":{"line":258,"column":11}},"151":{"start":{"line":262,"column":0},"end":{"line":269,"column":2}},"152":{"start":{"line":263,"column":48},"end":{"line":263,"column":56}},"153":{"start":{"line":264,"column":18},"end":{"line":264,"column":60}},"154":{"start":{"line":265,"column":4},"end":{"line":268,"column":7}},"155":{"start":{"line":266,"column":8},"end":{"line":266,"column":34}},"156":{"start":{"line":266,"column":17},"end":{"line":266,"column":34}},"157":{"start":{"line":267,"column":8},"end":{"line":267,"column":39}},"158":{"start":{"line":271,"column":0},"end":{"line":288,"column":2}},"159":{"start":{"line":272,"column":15},"end":{"line":272,"column":28}},"160":{"start":{"line":273,"column":4},"end":{"line":287,"column":7}},"161":{"start":{"line":274,"column":8},"end":{"line":274,"column":34}},"162":{"start":{"line":274,"column":17},"end":{"line":274,"column":34}},"163":{"start":{"line":275,"column":8},"end":{"line":280,"column":11}},"164":{"start":{"line":275,"column":20},"end":{"line":280,"column":11}},"165":{"start":{"line":281,"column":8},"end":{"line":286,"column":11}},"166":{"start":{"line":290,"column":0},"end":{"line":298,"column":2}},"167":{"start":{"line":291,"column":15},"end":{"line":291,"column":28}},"168":{"start":{"line":292,"column":48},"end":{"line":292,"column":56}},"169":{"start":{"line":293,"column":18},"end":{"line":293,"column":60}},"170":{"start":{"line":294,"column":4},"end":{"line":297,"column":7}},"171":{"start":{"line":295,"column":8},"end":{"line":295,"column":34}},"172":{"start":{"line":295,"column":17},"end":{"line":295,"column":34}},"173":{"start":{"line":296,"column":8},"end":{"line":296,"column":39}},"174":{"start":{"line":300,"column":0},"end":{"line":306,"column":2}},"175":{"start":{"line":301,"column":15},"end":{"line":301,"column":28}},"176":{"start":{"line":302,"column":4},"end":{"line":305,"column":7}},"177":{"start":{"line":303,"column":8},"end":{"line":303,"column":34}},"178":{"start":{"line":303,"column":17},"end":{"line":303,"column":34}},"179":{"start":{"line":304,"column":8},"end":{"line":304,"column":39}},"180":{"start":{"line":308,"column":0},"end":{"line":318,"column":2}},"181":{"start":{"line":309,"column":4},"end":{"line":317,"column":7}},"182":{"start":{"line":310,"column":8},"end":{"line":310,"column":34}},"183":{"start":{"line":310,"column":17},"end":{"line":310,"column":34}},"184":{"start":{"line":311,"column":8},"end":{"line":316,"column":11}},"185":{"start":{"line":320,"column":0},"end":{"line":327,"column":2}},"186":{"start":{"line":321,"column":45},"end":{"line":321,"column":53}},"187":{"start":{"line":322,"column":23},"end":{"line":322,"column":72}},"188":{"start":{"line":323,"column":4},"end":{"line":326,"column":7}},"189":{"start":{"line":324,"column":8},"end":{"line":324,"column":34}},"190":{"start":{"line":324,"column":17},"end":{"line":324,"column":34}},"191":{"start":{"line":325,"column":8},"end":{"line":325,"column":43}},"192":{"start":{"line":329,"column":0},"end":{"line":346,"column":2}},"193":{"start":{"line":330,"column":15},"end":{"line":330,"column":28}},"194":{"start":{"line":331,"column":4},"end":{"line":345,"column":7}},"195":{"start":{"line":332,"column":8},"end":{"line":332,"column":34}},"196":{"start":{"line":332,"column":17},"end":{"line":332,"column":34}},"197":{"start":{"line":333,"column":8},"end":{"line":338,"column":11}},"198":{"start":{"line":333,"column":25},"end":{"line":338,"column":11}},"199":{"start":{"line":339,"column":8},"end":{"line":344,"column":11}},"200":{"start":{"line":348,"column":0},"end":{"line":356,"column":2}},"201":{"start":{"line":349,"column":15},"end":{"line":349,"column":28}},"202":{"start":{"line":350,"column":45},"end":{"line":350,"column":53}},"203":{"start":{"line":351,"column":23},"end":{"line":351,"column":72}},"204":{"start":{"line":352,"column":4},"end":{"line":355,"column":7}},"205":{"start":{"line":353,"column":8},"end":{"line":353,"column":34}},"206":{"start":{"line":353,"column":17},"end":{"line":353,"column":34}},"207":{"start":{"line":354,"column":8},"end":{"line":354,"column":43}},"208":{"start":{"line":358,"column":0},"end":{"line":364,"column":2}},"209":{"start":{"line":359,"column":15},"end":{"line":359,"column":28}},"210":{"start":{"line":360,"column":4},"end":{"line":363,"column":7}},"211":{"start":{"line":361,"column":8},"end":{"line":361,"column":34}},"212":{"start":{"line":361,"column":17},"end":{"line":361,"column":34}},"213":{"start":{"line":362,"column":8},"end":{"line":362,"column":43}},"214":{"start":{"line":366,"column":0},"end":{"line":382,"column":2}},"215":{"start":{"line":367,"column":4},"end":{"line":381,"column":7}},"216":{"start":{"line":368,"column":8},"end":{"line":368,"column":34}},"217":{"start":{"line":368,"column":17},"end":{"line":368,"column":34}},"218":{"start":{"line":369,"column":8},"end":{"line":374,"column":11}},"219":{"start":{"line":369,"column":22},"end":{"line":374,"column":11}},"220":{"start":{"line":375,"column":8},"end":{"line":380,"column":11}},"221":{"start":{"line":384,"column":0},"end":{"line":390,"column":2}},"222":{"start":{"line":385,"column":56},"end":{"line":385,"column":64}},"223":{"start":{"line":386,"column":4},"end":{"line":389,"column":7}},"224":{"start":{"line":387,"column":8},"end":{"line":387,"column":34}},"225":{"start":{"line":387,"column":17},"end":{"line":387,"column":34}},"226":{"start":{"line":388,"column":8},"end":{"line":388,"column":38}},"227":{"start":{"line":392,"column":0},"end":{"line":430,"column":2}},"228":{"start":{"line":394,"column":24},"end":{"line":427,"column":5}},"229":{"start":{"line":395,"column":8},"end":{"line":426,"column":9}},"230":{"start":{"line":396,"column":75},"end":{"line":412,"column":14}},"231":{"start":{"line":398,"column":20},"end":{"line":398,"column":84}},"232":{"start":{"line":398,"column":49},"end":{"line":398,"column":82}},"233":{"start":{"line":401,"column":20},"end":{"line":401,"column":86}},"234":{"start":{"line":401,"column":51},"end":{"line":401,"column":84}},"235":{"start":{"line":404,"column":20},"end":{"line":404,"column":87}},"236":{"start":{"line":404,"column":52},"end":{"line":404,"column":85}},"237":{"start":{"line":407,"column":20},"end":{"line":407,"column":83}},"238":{"start":{"line":407,"column":48},"end":{"line":407,"column":81}},"239":{"start":{"line":410,"column":20},"end":{"line":410,"column":93}},"240":{"start":{"line":410,"column":58},"end":{"line":410,"column":91}},"241":{"start":{"line":414,"column":12},"end":{"line":423,"column":15}},"242":{"start":{"line":425,"column":12},"end":{"line":425,"column":22}},"243":{"start":{"line":429,"column":4},"end":{"line":429,"column":18}},"244":{"start":{"line":432,"column":0},"end":{"line":442,"column":2}},"245":{"start":{"line":433,"column":4},"end":{"line":441,"column":7}},"246":{"start":{"line":434,"column":8},"end":{"line":434,"column":34}},"247":{"start":{"line":434,"column":17},"end":{"line":434,"column":34}},"248":{"start":{"line":435,"column":8},"end":{"line":440,"column":11}}},"fnMap":{"0":{"name":"(anonymous_0)","decl":{"start":{"line":10,"column":23},"end":{"line":10,"column":24}},"loc":{"start":{"line":10,"column":37},"end":{"line":16,"column":1}},"line":10},"1":{"name":"(anonymous_1)","decl":{"start":{"line":18,"column":27},"end":{"line":18,"column":28}},"loc":{"start":{"line":18,"column":47},"end":{"line":28,"column":1}},"line":18},"2":{"name":"(anonymous_2)","decl":{"start":{"line":19,"column":18},"end":{"line":19,"column":19}},"loc":{"start":{"line":19,"column":36},"end":{"line":27,"column":5}},"line":19},"3":{"name":"(anonymous_3)","decl":{"start":{"line":30,"column":20},"end":{"line":30,"column":21}},"loc":{"start":{"line":30,"column":40},"end":{"line":37,"column":1}},"line":30},"4":{"name":"(anonymous_4)","decl":{"start":{"line":33,"column":16},"end":{"line":33,"column":17}},"loc":{"start":{"line":33,"column":25},"end":{"line":36,"column":5}},"line":33},"5":{"name":"(anonymous_5)","decl":{"start":{"line":39,"column":21},"end":{"line":39,"column":22}},"loc":{"start":{"line":39,"column":41},"end":{"line":56,"column":1}},"line":39},"6":{"name":"(anonymous_6)","decl":{"start":{"line":41,"column":23},"end":{"line":41,"column":24}},"loc":{"start":{"line":41,"column":40},"end":{"line":55,"column":5}},"line":41},"7":{"name":"(anonymous_7)","decl":{"start":{"line":58,"column":23},"end":{"line":58,"column":24}},"loc":{"start":{"line":58,"column":43},"end":{"line":66,"column":1}},"line":58},"8":{"name":"(anonymous_8)","decl":{"start":{"line":62,"column":22},"end":{"line":62,"column":23}},"loc":{"start":{"line":62,"column":31},"end":{"line":65,"column":5}},"line":62},"9":{"name":"(anonymous_9)","decl":{"start":{"line":68,"column":23},"end":{"line":68,"column":24}},"loc":{"start":{"line":68,"column":43},"end":{"line":74,"column":1}},"line":68},"10":{"name":"(anonymous_10)","decl":{"start":{"line":70,"column":22},"end":{"line":70,"column":23}},"loc":{"start":{"line":70,"column":31},"end":{"line":73,"column":5}},"line":70},"11":{"name":"(anonymous_11)","decl":{"start":{"line":76,"column":29},"end":{"line":76,"column":30}},"loc":{"start":{"line":76,"column":49},"end":{"line":86,"column":1}},"line":76},"12":{"name":"(anonymous_12)","decl":{"start":{"line":77,"column":20},"end":{"line":77,"column":21}},"loc":{"start":{"line":77,"column":40},"end":{"line":85,"column":5}},"line":77},"13":{"name":"(anonymous_13)","decl":{"start":{"line":88,"column":22},"end":{"line":88,"column":23}},"loc":{"start":{"line":88,"column":42},"end":{"line":95,"column":1}},"line":88},"14":{"name":"(anonymous_14)","decl":{"start":{"line":91,"column":18},"end":{"line":91,"column":19}},"loc":{"start":{"line":91,"column":27},"end":{"line":94,"column":5}},"line":91},"15":{"name":"(anonymous_15)","decl":{"start":{"line":97,"column":23},"end":{"line":97,"column":24}},"loc":{"start":{"line":97,"column":43},"end":{"line":114,"column":1}},"line":97},"16":{"name":"(anonymous_16)","decl":{"start":{"line":99,"column":25},"end":{"line":99,"column":26}},"loc":{"start":{"line":99,"column":44},"end":{"line":113,"column":5}},"line":99},"17":{"name":"(anonymous_17)","decl":{"start":{"line":116,"column":25},"end":{"line":116,"column":26}},"loc":{"start":{"line":116,"column":45},"end":{"line":124,"column":1}},"line":116},"18":{"name":"(anonymous_18)","decl":{"start":{"line":120,"column":24},"end":{"line":120,"column":25}},"loc":{"start":{"line":120,"column":33},"end":{"line":123,"column":5}},"line":120},"19":{"name":"(anonymous_19)","decl":{"start":{"line":126,"column":25},"end":{"line":126,"column":26}},"loc":{"start":{"line":126,"column":45},"end":{"line":132,"column":1}},"line":126},"20":{"name":"(anonymous_20)","decl":{"start":{"line":128,"column":24},"end":{"line":128,"column":25}},"loc":{"start":{"line":128,"column":33},"end":{"line":131,"column":5}},"line":128},"21":{"name":"(anonymous_21)","decl":{"start":{"line":134,"column":32},"end":{"line":134,"column":33}},"loc":{"start":{"line":134,"column":52},"end":{"line":144,"column":1}},"line":134},"22":{"name":"(anonymous_22)","decl":{"start":{"line":135,"column":28},"end":{"line":135,"column":29}},"loc":{"start":{"line":135,"column":44},"end":{"line":143,"column":5}},"line":135},"23":{"name":"(anonymous_23)","decl":{"start":{"line":146,"column":30},"end":{"line":146,"column":31}},"loc":{"start":{"line":146,"column":50},"end":{"line":153,"column":1}},"line":146},"24":{"name":"(anonymous_24)","decl":{"start":{"line":149,"column":14},"end":{"line":149,"column":15}},"loc":{"start":{"line":149,"column":23},"end":{"line":152,"column":5}},"line":149},"25":{"name":"(anonymous_25)","decl":{"start":{"line":155,"column":31},"end":{"line":155,"column":32}},"loc":{"start":{"line":155,"column":51},"end":{"line":172,"column":1}},"line":155},"26":{"name":"(anonymous_26)","decl":{"start":{"line":157,"column":33},"end":{"line":157,"column":34}},"loc":{"start":{"line":157,"column":48},"end":{"line":171,"column":5}},"line":157},"27":{"name":"(anonymous_27)","decl":{"start":{"line":174,"column":33},"end":{"line":174,"column":34}},"loc":{"start":{"line":174,"column":53},"end":{"line":182,"column":1}},"line":174},"28":{"name":"(anonymous_28)","decl":{"start":{"line":178,"column":20},"end":{"line":178,"column":21}},"loc":{"start":{"line":178,"column":29},"end":{"line":181,"column":5}},"line":178},"29":{"name":"(anonymous_29)","decl":{"start":{"line":184,"column":33},"end":{"line":184,"column":34}},"loc":{"start":{"line":184,"column":53},"end":{"line":190,"column":1}},"line":184},"30":{"name":"(anonymous_30)","decl":{"start":{"line":186,"column":32},"end":{"line":186,"column":33}},"loc":{"start":{"line":186,"column":41},"end":{"line":189,"column":5}},"line":186},"31":{"name":"(anonymous_31)","decl":{"start":{"line":192,"column":31},"end":{"line":192,"column":32}},"loc":{"start":{"line":192,"column":51},"end":{"line":202,"column":1}},"line":192},"32":{"name":"(anonymous_32)","decl":{"start":{"line":193,"column":21},"end":{"line":193,"column":22}},"loc":{"start":{"line":193,"column":43},"end":{"line":201,"column":5}},"line":193},"33":{"name":"(anonymous_33)","decl":{"start":{"line":204,"column":23},"end":{"line":204,"column":24}},"loc":{"start":{"line":204,"column":43},"end":{"line":211,"column":1}},"line":204},"34":{"name":"(anonymous_34)","decl":{"start":{"line":207,"column":19},"end":{"line":207,"column":20}},"loc":{"start":{"line":207,"column":28},"end":{"line":210,"column":5}},"line":207},"35":{"name":"(anonymous_35)","decl":{"start":{"line":213,"column":24},"end":{"line":213,"column":25}},"loc":{"start":{"line":213,"column":44},"end":{"line":230,"column":1}},"line":213},"36":{"name":"(anonymous_36)","decl":{"start":{"line":215,"column":26},"end":{"line":215,"column":27}},"loc":{"start":{"line":215,"column":46},"end":{"line":229,"column":5}},"line":215},"37":{"name":"(anonymous_37)","decl":{"start":{"line":232,"column":26},"end":{"line":232,"column":27}},"loc":{"start":{"line":232,"column":46},"end":{"line":240,"column":1}},"line":232},"38":{"name":"(anonymous_38)","decl":{"start":{"line":236,"column":25},"end":{"line":236,"column":26}},"loc":{"start":{"line":236,"column":34},"end":{"line":239,"column":5}},"line":236},"39":{"name":"(anonymous_39)","decl":{"start":{"line":242,"column":26},"end":{"line":242,"column":27}},"loc":{"start":{"line":242,"column":46},"end":{"line":248,"column":1}},"line":242},"40":{"name":"(anonymous_40)","decl":{"start":{"line":244,"column":25},"end":{"line":244,"column":26}},"loc":{"start":{"line":244,"column":34},"end":{"line":247,"column":5}},"line":244},"41":{"name":"(anonymous_41)","decl":{"start":{"line":250,"column":26},"end":{"line":250,"column":27}},"loc":{"start":{"line":250,"column":46},"end":{"line":260,"column":1}},"line":250},"42":{"name":"(anonymous_42)","decl":{"start":{"line":251,"column":17},"end":{"line":251,"column":18}},"loc":{"start":{"line":251,"column":34},"end":{"line":259,"column":5}},"line":251},"43":{"name":"(anonymous_43)","decl":{"start":{"line":262,"column":19},"end":{"line":262,"column":20}},"loc":{"start":{"line":262,"column":39},"end":{"line":269,"column":1}},"line":262},"44":{"name":"(anonymous_44)","decl":{"start":{"line":265,"column":15},"end":{"line":265,"column":16}},"loc":{"start":{"line":265,"column":24},"end":{"line":268,"column":5}},"line":265},"45":{"name":"(anonymous_45)","decl":{"start":{"line":271,"column":20},"end":{"line":271,"column":21}},"loc":{"start":{"line":271,"column":40},"end":{"line":288,"column":1}},"line":271},"46":{"name":"(anonymous_46)","decl":{"start":{"line":273,"column":22},"end":{"line":273,"column":23}},"loc":{"start":{"line":273,"column":38},"end":{"line":287,"column":5}},"line":273},"47":{"name":"(anonymous_47)","decl":{"start":{"line":290,"column":22},"end":{"line":290,"column":23}},"loc":{"start":{"line":290,"column":42},"end":{"line":298,"column":1}},"line":290},"48":{"name":"(anonymous_48)","decl":{"start":{"line":294,"column":21},"end":{"line":294,"column":22}},"loc":{"start":{"line":294,"column":30},"end":{"line":297,"column":5}},"line":294},"49":{"name":"(anonymous_49)","decl":{"start":{"line":300,"column":22},"end":{"line":300,"column":23}},"loc":{"start":{"line":300,"column":42},"end":{"line":306,"column":1}},"line":300},"50":{"name":"(anonymous_50)","decl":{"start":{"line":302,"column":21},"end":{"line":302,"column":22}},"loc":{"start":{"line":302,"column":30},"end":{"line":305,"column":5}},"line":302},"51":{"name":"(anonymous_51)","decl":{"start":{"line":308,"column":30},"end":{"line":308,"column":31}},"loc":{"start":{"line":308,"column":50},"end":{"line":318,"column":1}},"line":308},"52":{"name":"(anonymous_52)","decl":{"start":{"line":309,"column":27},"end":{"line":309,"column":28}},"loc":{"start":{"line":309,"column":49},"end":{"line":317,"column":5}},"line":309},"53":{"name":"(anonymous_53)","decl":{"start":{"line":320,"column":24},"end":{"line":320,"column":25}},"loc":{"start":{"line":320,"column":44},"end":{"line":327,"column":1}},"line":320},"54":{"name":"(anonymous_54)","decl":{"start":{"line":323,"column":20},"end":{"line":323,"column":21}},"loc":{"start":{"line":323,"column":29},"end":{"line":326,"column":5}},"line":323},"55":{"name":"(anonymous_55)","decl":{"start":{"line":329,"column":25},"end":{"line":329,"column":26}},"loc":{"start":{"line":329,"column":45},"end":{"line":346,"column":1}},"line":329},"56":{"name":"(anonymous_56)","decl":{"start":{"line":331,"column":32},"end":{"line":331,"column":33}},"loc":{"start":{"line":331,"column":53},"end":{"line":345,"column":5}},"line":331},"57":{"name":"(anonymous_57)","decl":{"start":{"line":348,"column":27},"end":{"line":348,"column":28}},"loc":{"start":{"line":348,"column":47},"end":{"line":356,"column":1}},"line":348},"58":{"name":"(anonymous_58)","decl":{"start":{"line":352,"column":26},"end":{"line":352,"column":27}},"loc":{"start":{"line":352,"column":35},"end":{"line":355,"column":5}},"line":352},"59":{"name":"(anonymous_59)","decl":{"start":{"line":358,"column":27},"end":{"line":358,"column":28}},"loc":{"start":{"line":358,"column":47},"end":{"line":364,"column":1}},"line":358},"60":{"name":"(anonymous_60)","decl":{"start":{"line":360,"column":31},"end":{"line":360,"column":32}},"loc":{"start":{"line":360,"column":40},"end":{"line":363,"column":5}},"line":360},"61":{"name":"(anonymous_61)","decl":{"start":{"line":366,"column":25},"end":{"line":366,"column":26}},"loc":{"start":{"line":366,"column":45},"end":{"line":382,"column":1}},"line":366},"62":{"name":"(anonymous_62)","decl":{"start":{"line":367,"column":20},"end":{"line":367,"column":21}},"loc":{"start":{"line":367,"column":38},"end":{"line":381,"column":5}},"line":367},"63":{"name":"(anonymous_63)","decl":{"start":{"line":384,"column":28},"end":{"line":384,"column":29}},"loc":{"start":{"line":384,"column":48},"end":{"line":390,"column":1}},"line":384},"64":{"name":"(anonymous_64)","decl":{"start":{"line":386,"column":64},"end":{"line":386,"column":65}},"loc":{"start":{"line":386,"column":73},"end":{"line":389,"column":5}},"line":386},"65":{"name":"(anonymous_65)","decl":{"start":{"line":392,"column":22},"end":{"line":392,"column":23}},"loc":{"start":{"line":392,"column":42},"end":{"line":430,"column":1}},"line":392},"66":{"name":"(anonymous_66)","decl":{"start":{"line":394,"column":24},"end":{"line":394,"column":25}},"loc":{"start":{"line":394,"column":36},"end":{"line":427,"column":5}},"line":394},"67":{"name":"(anonymous_67)","decl":{"start":{"line":397,"column":28},"end":{"line":397,"column":29}},"loc":{"start":{"line":397,"column":49},"end":{"line":399,"column":17}},"line":397},"68":{"name":"(anonymous_68)","decl":{"start":{"line":398,"column":34},"end":{"line":398,"column":35}},"loc":{"start":{"line":398,"column":49},"end":{"line":398,"column":82}},"line":398},"69":{"name":"(anonymous_69)","decl":{"start":{"line":400,"column":28},"end":{"line":400,"column":29}},"loc":{"start":{"line":400,"column":49},"end":{"line":402,"column":17}},"line":400},"70":{"name":"(anonymous_70)","decl":{"start":{"line":401,"column":36},"end":{"line":401,"column":37}},"loc":{"start":{"line":401,"column":51},"end":{"line":401,"column":84}},"line":401},"71":{"name":"(anonymous_71)","decl":{"start":{"line":403,"column":28},"end":{"line":403,"column":29}},"loc":{"start":{"line":403,"column":49},"end":{"line":405,"column":17}},"line":403},"72":{"name":"(anonymous_72)","decl":{"start":{"line":404,"column":37},"end":{"line":404,"column":38}},"loc":{"start":{"line":404,"column":52},"end":{"line":404,"column":85}},"line":404},"73":{"name":"(anonymous_73)","decl":{"start":{"line":406,"column":28},"end":{"line":406,"column":29}},"loc":{"start":{"line":406,"column":49},"end":{"line":408,"column":17}},"line":406},"74":{"name":"(anonymous_74)","decl":{"start":{"line":407,"column":33},"end":{"line":407,"column":34}},"loc":{"start":{"line":407,"column":48},"end":{"line":407,"column":81}},"line":407},"75":{"name":"(anonymous_75)","decl":{"start":{"line":409,"column":28},"end":{"line":409,"column":29}},"loc":{"start":{"line":409,"column":49},"end":{"line":411,"column":17}},"line":409},"76":{"name":"(anonymous_76)","decl":{"start":{"line":410,"column":43},"end":{"line":410,"column":44}},"loc":{"start":{"line":410,"column":58},"end":{"line":410,"column":91}},"line":410},"77":{"name":"(anonymous_77)","decl":{"start":{"line":432,"column":31},"end":{"line":432,"column":32}},"loc":{"start":{"line":432,"column":51},"end":{"line":442,"column":1}},"line":432},"78":{"name":"(anonymous_78)","decl":{"start":{"line":433,"column":19},"end":{"line":433,"column":20}},"loc":{"start":{"line":433,"column":38},"end":{"line":441,"column":5}},"line":433}},"branchMap":{"0":{"loc":{"start":{"line":20,"column":8},"end":{"line":20,"column":34}},"type":"if","locations":[{"start":{"line":20,"column":8},"end":{"line":20,"column":34}},{"start":{},"end":{}}],"line":20},"1":{"loc":{"start":{"line":25,"column":21},"end":{"line":25,"column":34}},"type":"binary-expr","locations":[{"start":{"line":25,"column":21},"end":{"line":25,"column":28}},{"start":{"line":25,"column":32},"end":{"line":25,"column":34}}],"line":25},"2":{"loc":{"start":{"line":34,"column":8},"end":{"line":34,"column":34}},"type":"if","locations":[{"start":{"line":34,"column":8},"end":{"line":34,"column":34}},{"start":{},"end":{}}],"line":34},"3":{"loc":{"start":{"line":42,"column":8},"end":{"line":42,"column":34}},"type":"if","locations":[{"start":{"line":42,"column":8},"end":{"line":42,"column":34}},{"start":{},"end":{}}],"line":42},"4":{"loc":{"start":{"line":43,"column":8},"end":{"line":48,"column":11}},"type":"if","locations":[{"start":{"line":43,"column":8},"end":{"line":48,"column":11}},{"start":{},"end":{}}],"line":43},"5":{"loc":{"start":{"line":63,"column":8},"end":{"line":63,"column":34}},"type":"if","locations":[{"start":{"line":63,"column":8},"end":{"line":63,"column":34}},{"start":{},"end":{}}],"line":63},"6":{"loc":{"start":{"line":71,"column":8},"end":{"line":71,"column":34}},"type":"if","locations":[{"start":{"line":71,"column":8},"end":{"line":71,"column":34}},{"start":{},"end":{}}],"line":71},"7":{"loc":{"start":{"line":78,"column":8},"end":{"line":78,"column":34}},"type":"if","locations":[{"start":{"line":78,"column":8},"end":{"line":78,"column":34}},{"start":{},"end":{}}],"line":78},"8":{"loc":{"start":{"line":83,"column":23},"end":{"line":83,"column":38}},"type":"binary-expr","locations":[{"start":{"line":83,"column":23},"end":{"line":83,"column":32}},{"start":{"line":83,"column":36},"end":{"line":83,"column":38}}],"line":83},"9":{"loc":{"start":{"line":92,"column":8},"end":{"line":92,"column":34}},"type":"if","locations":[{"start":{"line":92,"column":8},"end":{"line":92,"column":34}},{"start":{},"end":{}}],"line":92},"10":{"loc":{"start":{"line":100,"column":8},"end":{"line":100,"column":34}},"type":"if","locations":[{"start":{"line":100,"column":8},"end":{"line":100,"column":34}},{"start":{},"end":{}}],"line":100},"11":{"loc":{"start":{"line":101,"column":8},"end":{"line":106,"column":11}},"type":"if","locations":[{"start":{"line":101,"column":8},"end":{"line":106,"column":11}},{"start":{},"end":{}}],"line":101},"12":{"loc":{"start":{"line":121,"column":8},"end":{"line":121,"column":34}},"type":"if","locations":[{"start":{"line":121,"column":8},"end":{"line":121,"column":34}},{"start":{},"end":{}}],"line":121},"13":{"loc":{"start":{"line":129,"column":8},"end":{"line":129,"column":34}},"type":"if","locations":[{"start":{"line":129,"column":8},"end":{"line":129,"column":34}},{"start":{},"end":{}}],"line":129},"14":{"loc":{"start":{"line":136,"column":8},"end":{"line":136,"column":34}},"type":"if","locations":[{"start":{"line":136,"column":8},"end":{"line":136,"column":34}},{"start":{},"end":{}}],"line":136},"15":{"loc":{"start":{"line":141,"column":19},"end":{"line":141,"column":30}},"type":"binary-expr","locations":[{"start":{"line":141,"column":19},"end":{"line":141,"column":24}},{"start":{"line":141,"column":28},"end":{"line":141,"column":30}}],"line":141},"16":{"loc":{"start":{"line":150,"column":8},"end":{"line":150,"column":34}},"type":"if","locations":[{"start":{"line":150,"column":8},"end":{"line":150,"column":34}},{"start":{},"end":{}}],"line":150},"17":{"loc":{"start":{"line":158,"column":8},"end":{"line":158,"column":34}},"type":"if","locations":[{"start":{"line":158,"column":8},"end":{"line":158,"column":34}},{"start":{},"end":{}}],"line":158},"18":{"loc":{"start":{"line":159,"column":8},"end":{"line":164,"column":11}},"type":"if","locations":[{"start":{"line":159,"column":8},"end":{"line":164,"column":11}},{"start":{},"end":{}}],"line":159},"19":{"loc":{"start":{"line":179,"column":8},"end":{"line":179,"column":34}},"type":"if","locations":[{"start":{"line":179,"column":8},"end":{"line":179,"column":34}},{"start":{},"end":{}}],"line":179},"20":{"loc":{"start":{"line":187,"column":8},"end":{"line":187,"column":34}},"type":"if","locations":[{"start":{"line":187,"column":8},"end":{"line":187,"column":34}},{"start":{},"end":{}}],"line":187},"21":{"loc":{"start":{"line":194,"column":8},"end":{"line":194,"column":34}},"type":"if","locations":[{"start":{"line":194,"column":8},"end":{"line":194,"column":34}},{"start":{},"end":{}}],"line":194},"22":{"loc":{"start":{"line":199,"column":25},"end":{"line":199,"column":42}},"type":"binary-expr","locations":[{"start":{"line":199,"column":25},"end":{"line":199,"column":36}},{"start":{"line":199,"column":40},"end":{"line":199,"column":42}}],"line":199},"23":{"loc":{"start":{"line":208,"column":8},"end":{"line":208,"column":34}},"type":"if","locations":[{"start":{"line":208,"column":8},"end":{"line":208,"column":34}},{"start":{},"end":{}}],"line":208},"24":{"loc":{"start":{"line":216,"column":8},"end":{"line":216,"column":34}},"type":"if","locations":[{"start":{"line":216,"column":8},"end":{"line":216,"column":34}},{"start":{},"end":{}}],"line":216},"25":{"loc":{"start":{"line":217,"column":8},"end":{"line":222,"column":11}},"type":"if","locations":[{"start":{"line":217,"column":8},"end":{"line":222,"column":11}},{"start":{},"end":{}}],"line":217},"26":{"loc":{"start":{"line":237,"column":8},"end":{"line":237,"column":34}},"type":"if","locations":[{"start":{"line":237,"column":8},"end":{"line":237,"column":34}},{"start":{},"end":{}}],"line":237},"27":{"loc":{"start":{"line":245,"column":8},"end":{"line":245,"column":34}},"type":"if","locations":[{"start":{"line":245,"column":8},"end":{"line":245,"column":34}},{"start":{},"end":{}}],"line":245},"28":{"loc":{"start":{"line":252,"column":8},"end":{"line":252,"column":34}},"type":"if","locations":[{"start":{"line":252,"column":8},"end":{"line":252,"column":34}},{"start":{},"end":{}}],"line":252},"29":{"loc":{"start":{"line":257,"column":20},"end":{"line":257,"column":32}},"type":"binary-expr","locations":[{"start":{"line":257,"column":20},"end":{"line":257,"column":26}},{"start":{"line":257,"column":30},"end":{"line":257,"column":32}}],"line":257},"30":{"loc":{"start":{"line":266,"column":8},"end":{"line":266,"column":34}},"type":"if","locations":[{"start":{"line":266,"column":8},"end":{"line":266,"column":34}},{"start":{},"end":{}}],"line":266},"31":{"loc":{"start":{"line":274,"column":8},"end":{"line":274,"column":34}},"type":"if","locations":[{"start":{"line":274,"column":8},"end":{"line":274,"column":34}},{"start":{},"end":{}}],"line":274},"32":{"loc":{"start":{"line":275,"column":8},"end":{"line":280,"column":11}},"type":"if","locations":[{"start":{"line":275,"column":8},"end":{"line":280,"column":11}},{"start":{},"end":{}}],"line":275},"33":{"loc":{"start":{"line":295,"column":8},"end":{"line":295,"column":34}},"type":"if","locations":[{"start":{"line":295,"column":8},"end":{"line":295,"column":34}},{"start":{},"end":{}}],"line":295},"34":{"loc":{"start":{"line":303,"column":8},"end":{"line":303,"column":34}},"type":"if","locations":[{"start":{"line":303,"column":8},"end":{"line":303,"column":34}},{"start":{},"end":{}}],"line":303},"35":{"loc":{"start":{"line":310,"column":8},"end":{"line":310,"column":34}},"type":"if","locations":[{"start":{"line":310,"column":8},"end":{"line":310,"column":34}},{"start":{},"end":{}}],"line":310},"36":{"loc":{"start":{"line":315,"column":25},"end":{"line":315,"column":42}},"type":"binary-expr","locations":[{"start":{"line":315,"column":25},"end":{"line":315,"column":36}},{"start":{"line":315,"column":40},"end":{"line":315,"column":42}}],"line":315},"37":{"loc":{"start":{"line":324,"column":8},"end":{"line":324,"column":34}},"type":"if","locations":[{"start":{"line":324,"column":8},"end":{"line":324,"column":34}},{"start":{},"end":{}}],"line":324},"38":{"loc":{"start":{"line":332,"column":8},"end":{"line":332,"column":34}},"type":"if","locations":[{"start":{"line":332,"column":8},"end":{"line":332,"column":34}},{"start":{},"end":{}}],"line":332},"39":{"loc":{"start":{"line":333,"column":8},"end":{"line":338,"column":11}},"type":"if","locations":[{"start":{"line":333,"column":8},"end":{"line":338,"column":11}},{"start":{},"end":{}}],"line":333},"40":{"loc":{"start":{"line":353,"column":8},"end":{"line":353,"column":34}},"type":"if","locations":[{"start":{"line":353,"column":8},"end":{"line":353,"column":34}},{"start":{},"end":{}}],"line":353},"41":{"loc":{"start":{"line":361,"column":8},"end":{"line":361,"column":34}},"type":"if","locations":[{"start":{"line":361,"column":8},"end":{"line":361,"column":34}},{"start":{},"end":{}}],"line":361},"42":{"loc":{"start":{"line":368,"column":8},"end":{"line":368,"column":34}},"type":"if","locations":[{"start":{"line":368,"column":8},"end":{"line":368,"column":34}},{"start":{},"end":{}}],"line":368},"43":{"loc":{"start":{"line":369,"column":8},"end":{"line":374,"column":11}},"type":"if","locations":[{"start":{"line":369,"column":8},"end":{"line":374,"column":11}},{"start":{},"end":{}}],"line":369},"44":{"loc":{"start":{"line":387,"column":8},"end":{"line":387,"column":34}},"type":"if","locations":[{"start":{"line":387,"column":8},"end":{"line":387,"column":34}},{"start":{},"end":{}}],"line":387},"45":{"loc":{"start":{"line":398,"column":49},"end":{"line":398,"column":82}},"type":"cond-expr","locations":[{"start":{"line":398,"column":55},"end":{"line":398,"column":66}},{"start":{"line":398,"column":69},"end":{"line":398,"column":82}}],"line":398},"46":{"loc":{"start":{"line":401,"column":51},"end":{"line":401,"column":84}},"type":"cond-expr","locations":[{"start":{"line":401,"column":57},"end":{"line":401,"column":68}},{"start":{"line":401,"column":71},"end":{"line":401,"column":84}}],"line":401},"47":{"loc":{"start":{"line":404,"column":52},"end":{"line":404,"column":85}},"type":"cond-expr","locations":[{"start":{"line":404,"column":58},"end":{"line":404,"column":69}},{"start":{"line":404,"column":72},"end":{"line":404,"column":85}}],"line":404},"48":{"loc":{"start":{"line":407,"column":48},"end":{"line":407,"column":81}},"type":"cond-expr","locations":[{"start":{"line":407,"column":54},"end":{"line":407,"column":65}},{"start":{"line":407,"column":68},"end":{"line":407,"column":81}}],"line":407},"49":{"loc":{"start":{"line":410,"column":58},"end":{"line":410,"column":91}},"type":"cond-expr","locations":[{"start":{"line":410,"column":64},"end":{"line":410,"column":75}},{"start":{"line":410,"column":78},"end":{"line":410,"column":91}}],"line":410},"50":{"loc":{"start":{"line":418,"column":25},"end":{"line":418,"column":38}},"type":"binary-expr","locations":[{"start":{"line":418,"column":25},"end":{"line":418,"column":32}},{"start":{"line":418,"column":36},"end":{"line":418,"column":38}}],"line":418},"51":{"loc":{"start":{"line":419,"column":27},"end":{"line":419,"column":42}},"type":"binary-expr","locations":[{"start":{"line":419,"column":27},"end":{"line":419,"column":36}},{"start":{"line":419,"column":40},"end":{"line":419,"column":42}}],"line":419},"52":{"loc":{"start":{"line":420,"column":29},"end":{"line":420,"column":46}},"type":"binary-expr","locations":[{"start":{"line":420,"column":29},"end":{"line":420,"column":40}},{"start":{"line":420,"column":44},"end":{"line":420,"column":46}}],"line":420},"53":{"loc":{"start":{"line":421,"column":24},"end":{"line":421,"column":36}},"type":"binary-expr","locations":[{"start":{"line":421,"column":24},"end":{"line":421,"column":30}},{"start":{"line":421,"column":34},"end":{"line":421,"column":36}}],"line":421},"54":{"loc":{"start":{"line":422,"column":29},"end":{"line":422,"column":46}},"type":"binary-expr","locations":[{"start":{"line":422,"column":29},"end":{"line":422,"column":40}},{"start":{"line":422,"column":44},"end":{"line":422,"column":46}}],"line":422},"55":{"loc":{"start":{"line":434,"column":8},"end":{"line":434,"column":34}},"type":"if","locations":[{"start":{"line":434,"column":8},"end":{"line":434,"column":34}},{"start":{},"end":{}}],"line":434},"56":{"loc":{"start":{"line":439,"column":22},"end":{"line":439,"column":36}},"type":"binary-expr","locations":[{"start":{"line":439,"column":22},"end":{"line":439,"column":30}},{"start":{"line":439,"column":34},"end":{"line":439,"column":36}}],"line":439}},"s":{"0":1,"1":1,"2":1,"3":1,"4":1,"5":1,"6":1,"7":1,"8":1,"9":0,"10":1,"11":0,"12":0,"13":0,"14":0,"15":1,"16":0,"17":0,"18":0,"19":0,"20":0,"21":0,"22":1,"23":0,"24":0,"25":0,"26":0,"27":0,"28":0,"29":0,"30":1,"31":0,"32":0,"33":0,"34":0,"35":0,"36":0,"37":0,"38":1,"39":0,"40":0,"41":0,"42":0,"43":0,"44":1,"45":0,"46":0,"47":0,"48":0,"49":1,"50":0,"51":0,"52":0,"53":0,"54":0,"55":0,"56":1,"57":0,"58":0,"59":0,"60":0,"61":0,"62":0,"63":0,"64":1,"65":0,"66":0,"67":0,"68":0,"69":0,"70":0,"71":0,"72":1,"73":0,"74":0,"75":0,"76":0,"77":0,"78":1,"79":0,"80":0,"81":0,"82":0,"83":1,"84":0,"85":0,"86":0,"87":0,"88":0,"89":0,"90":1,"91":0,"92":0,"93":0,"94":0,"95":0,"96":0,"97":0,"98":1,"99":0,"100":0,"101":0,"102":0,"103":0,"104":0,"105":0,"106":1,"107":0,"108":0,"109":0,"110":0,"111":0,"112":1,"113":0,"114":0,"115":0,"116":0,"117":1,"118":0,"119":0,"120":0,"121":0,"122":0,"123":0,"124":1,"125":0,"126":0,"127":0,"128":0,"129":0,"130":0,"131":0,"132":1,"133":0,"134":0,"135":0,"136":0,"137":0,"138":0,"139":0,"140":1,"141":0,"142":0,"143":0,"144":0,"145":0,"146":1,"147":0,"148":0,"149":0,"150":0,"151":1,"152":0,"153":0,"154":0,"155":0,"156":0,"157":0,"158":1,"159":0,"160":0,"161":0,"162":0,"163":0,"164":0,"165":0,"166":1,"167":0,"168":0,"169":0,"170":0,"171":0,"172":0,"173":0,"174":1,"175":0,"176":0,"177":0,"178":0,"179":0,"180":1,"181":0,"182":0,"183":0,"184":0,"185":1,"186":0,"187":0,"188":0,"189":0,"190":0,"191":0,"192":1,"193":0,"194":0,"195":0,"196":0,"197":0,"198":0,"199":0,"200":1,"201":0,"202":0,"203":0,"204":0,"205":0,"206":0,"207":0,"208":1,"209":0,"210":0,"211":0,"212":0,"213":0,"214":1,"215":0,"216":0,"217":0,"218":0,"219":0,"220":0,"221":1,"222":0,"223":0,"224":0,"225":0,"226":0,"227":1,"228":0,"229":0,"230":0,"231":0,"232":0,"233":0,"234":0,"235":0,"236":0,"237":0,"238":0,"239":0,"240":0,"241":0,"242":0,"243":0,"244":1,"245":0,"246":0,"247":0,"248":0},"f":{"0":0,"1":0,"2":0,"3":0,"4":0,"5":0,"6":0,"7":0,"8":0,"9":0,"10":0,"11":0,"12":0,"13":0,"14":0,"15":0,"16":0,"17":0,"18":0,"19":0,"20":0,"21":0,"22":0,"23":0,"24":0,"25":0,"26":0,"27":0,"28":0,"29":0,"30":0,"31":0,"32":0,"33":0,"34":0,"35":0,"36":0,"37":0,"38":0,"39":0,"40":0,"41":0,"42":0,"43":0,"44":0,"45":0,"46":0,"47":0,"48":0,"49":0,"50":0,"51":0,"52":0,"53":0,"54":0,"55":0,"56":0,"57":0,"58":0,"59":0,"60":0,"61":0,"62":0,"63":0,"64":0,"65":0,"66":0,"67":0,"68":0,"69":0,"70":0,"71":0,"72":0,"73":0,"74":0,"75":0,"76":0,"77":0,"78":0},"b":{"0":[0,0],"1":[0,0],"2":[0,0],"3":[0,0],"4":[0,0],"5":[0,0],"6":[0,0],"7":[0,0],"8":[0,0],"9":[0,0],"10":[0,0],"11":[0,0],"12":[0,0],"13":[0,0],"14":[0,0],"15":[0,0],"16":[0,0],"17":[0,0],"18":[0,0],"19":[0,0],"20":[0,0],"21":[0,0],"22":[0,0],"23":[0,0],"24":[0,0],"25":[0,0],"26":[0,0],"27":[0,0],"28":[0,0],"29":[0,0],"30":[0,0],"31":[0,0],"32":[0,0],"33":[0,0],"34":[0,0],"35":[0,0],"36":[0,0],"37":[0,0],"38":[0,0],"39":[0,0],"40":[0,0],"41":[0,0],"42":[0,0],"43":[0,0],"44":[0,0],"45":[0,0],"46":[0,0],"47":[0,0],"48":[0,0],"49":[0,0],"50":[0,0],"51":[0,0],"52":[0,0],"53":[0,0],"54":[0,0],"55":[0,0],"56":[0,0]},"_coverageSchema":"1a1c01bbd47fc00a2c39e90264f33305004495a9","hash":"67be2770a089adda636154256b03505fb61f6ea5"}
,"C:\\Users\\stickcz\\Videos\\tutela meranny\\cotizacion\\proyecto-cotizaciones\\controllers\\quoteController.js": {"path":"C:\\Users\\stickcz\\Videos\\tutela meranny\\cotizacion\\proyecto-cotizaciones\\controllers\\quoteController.js","statementMap":{"0":{"start":{"line":2,"column":15},"end":{"line":2,"column":42}},"1":{"start":{"line":3,"column":17},"end":{"line":3,"column":46}},"2":{"start":{"line":4,"column":21},"end":{"line":4,"column":54}},"3":{"start":{"line":5,"column":18},"end":{"line":5,"column":48}},"4":{"start":{"line":6,"column":14},"end":{"line":6,"column":40}},"5":{"start":{"line":7,"column":19},"end":{"line":7,"column":56}},"6":{"start":{"line":8,"column":17},"end":{"line":8,"column":46}},"7":{"start":{"line":9,"column":14},"end":{"line":9,"column":40}},"8":{"start":{"line":10,"column":16},"end":{"line":10,"column":44}},"9":{"start":{"line":12,"column":0},"end":{"line":36,"column":2}},"10":{"start":{"line":13,"column":4},"end":{"line":35,"column":5}},"11":{"start":{"line":14,"column":101},"end":{"line":22,"column":10}},"12":{"start":{"line":23,"column":8},"end":{"line":32,"column":11}},"13":{"start":{"line":34,"column":8},"end":{"line":34,"column":18}},"14":{"start":{"line":38,"column":0},"end":{"line":98,"column":2}},"15":{"start":{"line":40,"column":106},"end":{"line":40,"column":114}},"16":{"start":{"line":41,"column":17},"end":{"line":41,"column":55}},"17":{"start":{"line":44,"column":4},"end":{"line":60,"column":5}},"18":{"start":{"line":45,"column":8},"end":{"line":45,"column":38}},"19":{"start":{"line":46,"column":8},"end":{"line":46,"column":37}},"20":{"start":{"line":48,"column":28},"end":{"line":54,"column":9}},"21":{"start":{"line":55,"column":8},"end":{"line":59,"column":11}},"22":{"start":{"line":56,"column":12},"end":{"line":56,"column":31}},"23":{"start":{"line":56,"column":21},"end":{"line":56,"column":31}},"24":{"start":{"line":57,"column":12},"end":{"line":57,"column":42}},"25":{"start":{"line":58,"column":12},"end":{"line":58,"column":41}},"26":{"start":{"line":63,"column":22},"end":{"line":63,"column":55}},"27":{"start":{"line":64,"column":8},"end":{"line":96,"column":11}},"28":{"start":{"line":65,"column":12},"end":{"line":65,"column":31}},"29":{"start":{"line":65,"column":21},"end":{"line":65,"column":31}},"30":{"start":{"line":66,"column":28},"end":{"line":66,"column":39}},"31":{"start":{"line":67,"column":26},"end":{"line":67,"column":28}},"32":{"start":{"line":69,"column":30},"end":{"line":69,"column":89}},"33":{"start":{"line":70,"column":32},"end":{"line":70,"column":99}},"34":{"start":{"line":71,"column":36},"end":{"line":71,"column":139}},"35":{"start":{"line":72,"column":33},"end":{"line":72,"column":108}},"36":{"start":{"line":73,"column":29},"end":{"line":73,"column":84}},"37":{"start":{"line":74,"column":34},"end":{"line":74,"column":129}},"38":{"start":{"line":76,"column":37},"end":{"line":76,"column":97}},"39":{"start":{"line":77,"column":39},"end":{"line":77,"column":103}},"40":{"start":{"line":78,"column":43},"end":{"line":78,"column":125}},"41":{"start":{"line":79,"column":40},"end":{"line":79,"column":108}},"42":{"start":{"line":80,"column":36},"end":{"line":80,"column":94}},"43":{"start":{"line":81,"column":41},"end":{"line":81,"column":119}},"44":{"start":{"line":83,"column":12},"end":{"line":83,"column":104}},"45":{"start":{"line":83,"column":41},"end":{"line":83,"column":102}},"46":{"start":{"line":84,"column":12},"end":{"line":84,"column":110}},"47":{"start":{"line":84,"column":43},"end":{"line":84,"column":108}},"48":{"start":{"line":85,"column":12},"end":{"line":85,"column":122}},"49":{"start":{"line":85,"column":47},"end":{"line":85,"column":120}},"50":{"start":{"line":86,"column":12},"end":{"line":86,"column":113}},"51":{"start":{"line":86,"column":44},"end":{"line":86,"column":111}},"52":{"start":{"line":87,"column":12},"end":{"line":87,"column":101}},"53":{"start":{"line":87,"column":40},"end":{"line":87,"column":99}},"54":{"start":{"line":88,"column":12},"end":{"line":88,"column":116}},"55":{"start":{"line":88,"column":45},"end":{"line":88,"column":114}},"56":{"start":{"line":90,"column":12},"end":{"line":90,"column":95}},"57":{"start":{"line":90,"column":36},"end":{"line":90,"column":95}},"58":{"start":{"line":92,"column":12},"end":{"line":95,"column":15}},"59":{"start":{"line":93,"column":16},"end":{"line":93,"column":35}},"60":{"start":{"line":93,"column":25},"end":{"line":93,"column":35}},"61":{"start":{"line":94,"column":16},"end":{"line":94,"column":50}},"62":{"start":{"line":100,"column":0},"end":{"line":117,"column":2}},"63":{"start":{"line":101,"column":20},"end":{"line":101,"column":33}},"64":{"start":{"line":102,"column":4},"end":{"line":116,"column":7}},"65":{"start":{"line":103,"column":8},"end":{"line":103,"column":83}},"66":{"start":{"line":103,"column":27},"end":{"line":103,"column":83}},"67":{"start":{"line":104,"column":8},"end":{"line":115,"column":11}},"68":{"start":{"line":105,"column":12},"end":{"line":105,"column":31}},"69":{"start":{"line":105,"column":21},"end":{"line":105,"column":31}},"70":{"start":{"line":106,"column":12},"end":{"line":114,"column":15}},"71":{"start":{"line":107,"column":16},"end":{"line":107,"column":35}},"72":{"start":{"line":107,"column":25},"end":{"line":107,"column":35}},"73":{"start":{"line":108,"column":16},"end":{"line":113,"column":19}},"74":{"start":{"line":119,"column":0},"end":{"line":127,"column":2}},"75":{"start":{"line":120,"column":4},"end":{"line":126,"column":7}},"76":{"start":{"line":121,"column":8},"end":{"line":121,"column":27}},"77":{"start":{"line":121,"column":17},"end":{"line":121,"column":27}},"78":{"start":{"line":122,"column":8},"end":{"line":125,"column":11}},"79":{"start":{"line":130,"column":4},"end":{"line":136,"column":7}},"80":{"start":{"line":131,"column":19},"end":{"line":131,"column":48}},"81":{"start":{"line":132,"column":8},"end":{"line":135,"column":11}},"82":{"start":{"line":133,"column":12},"end":{"line":134,"column":31}},"83":{"start":{"line":133,"column":21},"end":{"line":133,"column":33}},"84":{"start":{"line":134,"column":17},"end":{"line":134,"column":31}}},"fnMap":{"0":{"name":"(anonymous_0)","decl":{"start":{"line":12,"column":25},"end":{"line":12,"column":26}},"loc":{"start":{"line":12,"column":45},"end":{"line":36,"column":1}},"line":12},"1":{"name":"(anonymous_1)","decl":{"start":{"line":38,"column":26},"end":{"line":38,"column":27}},"loc":{"start":{"line":38,"column":40},"end":{"line":98,"column":1}},"line":38},"2":{"name":"(anonymous_2)","decl":{"start":{"line":55,"column":37},"end":{"line":55,"column":38}},"loc":{"start":{"line":55,"column":52},"end":{"line":59,"column":9}},"line":55},"3":{"name":"createQuote","decl":{"start":{"line":62,"column":13},"end":{"line":62,"column":24}},"loc":{"start":{"line":62,"column":37},"end":{"line":97,"column":5}},"line":62},"4":{"name":"(anonymous_4)","decl":{"start":{"line":64,"column":28},"end":{"line":64,"column":29}},"loc":{"start":{"line":64,"column":43},"end":{"line":96,"column":9}},"line":64},"5":{"name":"(anonymous_5)","decl":{"start":{"line":83,"column":30},"end":{"line":83,"column":31}},"loc":{"start":{"line":83,"column":41},"end":{"line":83,"column":102}},"line":83},"6":{"name":"(anonymous_6)","decl":{"start":{"line":84,"column":32},"end":{"line":84,"column":33}},"loc":{"start":{"line":84,"column":43},"end":{"line":84,"column":108}},"line":84},"7":{"name":"(anonymous_7)","decl":{"start":{"line":85,"column":36},"end":{"line":85,"column":37}},"loc":{"start":{"line":85,"column":47},"end":{"line":85,"column":120}},"line":85},"8":{"name":"(anonymous_8)","decl":{"start":{"line":86,"column":33},"end":{"line":86,"column":34}},"loc":{"start":{"line":86,"column":44},"end":{"line":86,"column":111}},"line":86},"9":{"name":"(anonymous_9)","decl":{"start":{"line":87,"column":29},"end":{"line":87,"column":30}},"loc":{"start":{"line":87,"column":40},"end":{"line":87,"column":99}},"line":87},"10":{"name":"(anonymous_10)","decl":{"start":{"line":88,"column":34},"end":{"line":88,"column":35}},"loc":{"start":{"line":88,"column":45},"end":{"line":88,"column":114}},"line":88},"11":{"name":"(anonymous_11)","decl":{"start":{"line":92,"column":34},"end":{"line":92,"column":35}},"loc":{"start":{"line":92,"column":43},"end":{"line":95,"column":13}},"line":92},"12":{"name":"(anonymous_12)","decl":{"start":{"line":100,"column":23},"end":{"line":100,"column":24}},"loc":{"start":{"line":100,"column":37},"end":{"line":117,"column":1}},"line":100},"13":{"name":"(anonymous_13)","decl":{"start":{"line":102,"column":27},"end":{"line":102,"column":28}},"loc":{"start":{"line":102,"column":43},"end":{"line":116,"column":5}},"line":102},"14":{"name":"(anonymous_14)","decl":{"start":{"line":104,"column":41},"end":{"line":104,"column":42}},"loc":{"start":{"line":104,"column":57},"end":{"line":115,"column":9}},"line":104},"15":{"name":"(anonymous_15)","decl":{"start":{"line":106,"column":31},"end":{"line":106,"column":32}},"loc":{"start":{"line":106,"column":49},"end":{"line":114,"column":13}},"line":106},"16":{"name":"(anonymous_16)","decl":{"start":{"line":119,"column":20},"end":{"line":119,"column":21}},"loc":{"start":{"line":119,"column":34},"end":{"line":127,"column":1}},"line":119},"17":{"name":"(anonymous_17)","decl":{"start":{"line":120,"column":17},"end":{"line":120,"column":18}},"loc":{"start":{"line":120,"column":34},"end":{"line":126,"column":5}},"line":120},"18":{"name":"dbAll","decl":{"start":{"line":129,"column":9},"end":{"line":129,"column":14}},"loc":{"start":{"line":129,"column":22},"end":{"line":137,"column":1}},"line":129},"19":{"name":"(anonymous_19)","decl":{"start":{"line":130,"column":23},"end":{"line":130,"column":24}},"loc":{"start":{"line":130,"column":44},"end":{"line":136,"column":5}},"line":130},"20":{"name":"(anonymous_20)","decl":{"start":{"line":132,"column":22},"end":{"line":132,"column":23}},"loc":{"start":{"line":132,"column":37},"end":{"line":135,"column":9}},"line":132}},"branchMap":{"0":{"loc":{"start":{"line":44,"column":4},"end":{"line":60,"column":5}},"type":"if","locations":[{"start":{"line":44,"column":4},"end":{"line":60,"column":5}},{"start":{"line":47,"column":11},"end":{"line":60,"column":5}}],"line":44},"1":{"loc":{"start":{"line":56,"column":12},"end":{"line":56,"column":31}},"type":"if","locations":[{"start":{"line":56,"column":12},"end":{"line":56,"column":31}},{"start":{},"end":{}}],"line":56},"2":{"loc":{"start":{"line":65,"column":12},"end":{"line":65,"column":31}},"type":"if","locations":[{"start":{"line":65,"column":12},"end":{"line":65,"column":31}},{"start":{},"end":{}}],"line":65},"3":{"loc":{"start":{"line":69,"column":30},"end":{"line":69,"column":89}},"type":"cond-expr","locations":[{"start":{"line":69,"column":55},"end":{"line":69,"column":62}},{"start":{"line":69,"column":65},"end":{"line":69,"column":89}}],"line":69},"4":{"loc":{"start":{"line":69,"column":65},"end":{"line":69,"column":89}},"type":"cond-expr","locations":[{"start":{"line":69,"column":75},"end":{"line":69,"column":84}},{"start":{"line":69,"column":87},"end":{"line":69,"column":89}}],"line":69},"5":{"loc":{"start":{"line":70,"column":32},"end":{"line":70,"column":99}},"type":"cond-expr","locations":[{"start":{"line":70,"column":59},"end":{"line":70,"column":68}},{"start":{"line":70,"column":71},"end":{"line":70,"column":99}}],"line":70},"6":{"loc":{"start":{"line":70,"column":71},"end":{"line":70,"column":99}},"type":"cond-expr","locations":[{"start":{"line":70,"column":83},"end":{"line":70,"column":94}},{"start":{"line":70,"column":97},"end":{"line":70,"column":99}}],"line":70},"7":{"loc":{"start":{"line":71,"column":36},"end":{"line":71,"column":139}},"type":"cond-expr","locations":[{"start":{"line":71,"column":72},"end":{"line":71,"column":90}},{"start":{"line":71,"column":93},"end":{"line":71,"column":139}}],"line":71},"8":{"loc":{"start":{"line":71,"column":93},"end":{"line":71,"column":139}},"type":"cond-expr","locations":[{"start":{"line":71,"column":114},"end":{"line":71,"column":134}},{"start":{"line":71,"column":137},"end":{"line":71,"column":139}}],"line":71},"9":{"loc":{"start":{"line":72,"column":33},"end":{"line":72,"column":108}},"type":"cond-expr","locations":[{"start":{"line":72,"column":62},"end":{"line":72,"column":73}},{"start":{"line":72,"column":76},"end":{"line":72,"column":108}}],"line":72},"10":{"loc":{"start":{"line":72,"column":76},"end":{"line":72,"column":108}},"type":"cond-expr","locations":[{"start":{"line":72,"column":90},"end":{"line":72,"column":103}},{"start":{"line":72,"column":106},"end":{"line":72,"column":108}}],"line":72},"11":{"loc":{"start":{"line":73,"column":29},"end":{"line":73,"column":84}},"type":"cond-expr","locations":[{"start":{"line":73,"column":53},"end":{"line":73,"column":59}},{"start":{"line":73,"column":62},"end":{"line":73,"column":84}}],"line":73},"12":{"loc":{"start":{"line":73,"column":62},"end":{"line":73,"column":84}},"type":"cond-expr","locations":[{"start":{"line":73,"column":71},"end":{"line":73,"column":79}},{"start":{"line":73,"column":82},"end":{"line":73,"column":84}}],"line":73},"13":{"loc":{"start":{"line":74,"column":34},"end":{"line":74,"column":129}},"type":"cond-expr","locations":[{"start":{"line":74,"column":68},"end":{"line":74,"column":84}},{"start":{"line":74,"column":87},"end":{"line":74,"column":129}}],"line":74},"14":{"loc":{"start":{"line":74,"column":87},"end":{"line":74,"column":129}},"type":"cond-expr","locations":[{"start":{"line":74,"column":106},"end":{"line":74,"column":124}},{"start":{"line":74,"column":127},"end":{"line":74,"column":129}}],"line":74},"15":{"loc":{"start":{"line":76,"column":37},"end":{"line":76,"column":97}},"type":"cond-expr","locations":[{"start":{"line":76,"column":74},"end":{"line":76,"column":92}},{"start":{"line":76,"column":95},"end":{"line":76,"column":97}}],"line":76},"16":{"loc":{"start":{"line":77,"column":39},"end":{"line":77,"column":103}},"type":"cond-expr","locations":[{"start":{"line":77,"column":78},"end":{"line":77,"column":98}},{"start":{"line":77,"column":101},"end":{"line":77,"column":103}}],"line":77},"17":{"loc":{"start":{"line":78,"column":43},"end":{"line":78,"column":125}},"type":"cond-expr","locations":[{"start":{"line":78,"column":91},"end":{"line":78,"column":120}},{"start":{"line":78,"column":123},"end":{"line":78,"column":125}}],"line":78},"18":{"loc":{"start":{"line":79,"column":40},"end":{"line":79,"column":108}},"type":"cond-expr","locations":[{"start":{"line":79,"column":81},"end":{"line":79,"column":103}},{"start":{"line":79,"column":106},"end":{"line":79,"column":108}}],"line":79},"19":{"loc":{"start":{"line":80,"column":36},"end":{"line":80,"column":94}},"type":"cond-expr","locations":[{"start":{"line":80,"column":72},"end":{"line":80,"column":89}},{"start":{"line":80,"column":92},"end":{"line":80,"column":94}}],"line":80},"20":{"loc":{"start":{"line":81,"column":41},"end":{"line":81,"column":119}},"type":"cond-expr","locations":[{"start":{"line":81,"column":87},"end":{"line":81,"column":114}},{"start":{"line":81,"column":117},"end":{"line":81,"column":119}}],"line":81},"21":{"loc":{"start":{"line":83,"column":76},"end":{"line":83,"column":100}},"type":"binary-expr","locations":[{"start":{"line":83,"column":76},"end":{"line":83,"column":95}},{"start":{"line":83,"column":99},"end":{"line":83,"column":100}}],"line":83},"22":{"loc":{"start":{"line":84,"column":80},"end":{"line":84,"column":106}},"type":"binary-expr","locations":[{"start":{"line":84,"column":80},"end":{"line":84,"column":101}},{"start":{"line":84,"column":105},"end":{"line":84,"column":106}}],"line":84},"23":{"loc":{"start":{"line":85,"column":88},"end":{"line":85,"column":118}},"type":"binary-expr","locations":[{"start":{"line":85,"column":88},"end":{"line":85,"column":113}},{"start":{"line":85,"column":117},"end":{"line":85,"column":118}}],"line":85},"24":{"loc":{"start":{"line":86,"column":82},"end":{"line":86,"column":109}},"type":"binary-expr","locations":[{"start":{"line":86,"column":82},"end":{"line":86,"column":104}},{"start":{"line":86,"column":108},"end":{"line":86,"column":109}}],"line":86},"25":{"loc":{"start":{"line":87,"column":74},"end":{"line":87,"column":97}},"type":"binary-expr","locations":[{"start":{"line":8
[...]
,"C:\\Users\\stickcz\\Videos\\tutela meranny\\cotizacion\\proyecto-cotizaciones\\models\\product.js": {"path":"C:\\Users\\stickcz\\Videos\\tutela meranny\\cotizacion\\proyecto-cotizaciones\\models\\product.js","statementMap":{"0":{"start":{"line":1,"column":11},"end":{"line":1,"column":40}},"1":{"start":{"line":5,"column":8},"end":{"line":5,"column":25}},"2":{"start":{"line":6,"column":8},"end":{"line":6,"column":39}},"3":{"start":{"line":7,"column":8},"end":{"line":7,"column":27}},"4":{"start":{"line":8,"column":8},"end":{"line":8,"column":27}},"5":{"start":{"line":9,"column":8},"end":{"line":9,"column":33}},"6":{"start":{"line":10,"column":8},"end":{"line":10,"column":29}},"7":{"start":{"line":11,"column":8},"end":{"line":11,"column":33}},"8":{"start":{"line":15,"column":20},"end":{"line":16,"column":49}},"9":{"start":{"line":17,"column":8},"end":{"line":23,"column":10}},"10":{"start":{"line":20,"column":16},"end":{"line":20,"column":46}},"11":{"start":{"line":20,"column":25},"end":{"line":20,"column":46}},"12":{"start":{"line":21,"column":16},"end":{"line":21,"column":44}},"13":{"start":{"line":27,"column":20},"end":{"line":30,"column":33}},"14":{"start":{"line":31,"column":8},"end":{"line":35,"column":10}},"15":{"start":{"line":39,"column":20},"end":{"line":39,"column":57}},"16":{"start":{"line":40,"column":8},"end":{"line":40,"column":36}},"17":{"start":{"line":44,"column":20},"end":{"line":44,"column":44}},"18":{"start":{"line":45,"column":8},"end":{"line":45,"column":34}},"19":{"start":{"line":49,"column":20},"end":{"line":49,"column":55}},"20":{"start":{"line":50,"column":8},"end":{"line":50,"column":36}},"21":{"start":{"line":54,"column":0},"end":{"line":54,"column":25}}},"fnMap":{"0":{"name":"(anonymous_0)","decl":{"start":{"line":4,"column":4},"end":{"line":4,"column":5}},"loc":{"start":{"line":4,"column":77},"end":{"line":12,"column":5}},"line":4},"1":{"name":"(anonymous_1)","decl":{"start":{"line":14,"column":4},"end":{"line":14,"column":5}},"loc":{"start":{"line":14,"column":19},"end":{"line":24,"column":5}},"line":14},"2":{"name":"(anonymous_2)","decl":{"start":{"line":19,"column":12},"end":{"line":19,"column":13}},"loc":{"start":{"line":19,"column":26},"end":{"line":22,"column":13}},"line":19},"3":{"name":"(anonymous_3)","decl":{"start":{"line":26,"column":4},"end":{"line":26,"column":5}},"loc":{"start":{"line":26,"column":25},"end":{"line":36,"column":5}},"line":26},"4":{"name":"(anonymous_4)","decl":{"start":{"line":38,"column":4},"end":{"line":38,"column":5}},"loc":{"start":{"line":38,"column":33},"end":{"line":41,"column":5}},"line":38},"5":{"name":"(anonymous_5)","decl":{"start":{"line":43,"column":4},"end":{"line":43,"column":5}},"loc":{"start":{"line":43,"column":28},"end":{"line":46,"column":5}},"line":43},"6":{"name":"(anonymous_6)","decl":{"start":{"line":48,"column":4},"end":{"line":48,"column":5}},"loc":{"start":{"line":48,"column":36},"end":{"line":51,"column":5}},"line":48}},"branchMap":{"0":{"loc":{"start":{"line":20,"column":16},"end":{"line":20,"column":46}},"type":"if","locations":[{"start":{"line":20,"column":16},"end":{"line":20,"column":46}},{"start":{},"end":{}}],"line":20}},"s":{"0":2,"1":2,"2":2,"3":2,"4":2,"5":2,"6":2,"7":2,"8":2,"9":2,"10":2,"11":0,"12":2,"13":1,"14":1,"15":2,"16":2,"17":0,"18":0,"19":0,"20":0,"21":2},"f":{"0":2,"1":2,"2":2,"3":1,"4":2,"5":0,"6":0},"b":{"0":[0,2]},"_coverageSchema":"1a1c01bbd47fc00a2c39e90264f33305004495a9","hash":"ae96dffea29efb409d7d74d8bf8710058d71c6fa"}
,"C:\\Users\\stickcz\\Videos\\tutela meranny\\cotizacion\\proyecto-cotizaciones\\models\\quote.js": {"path":"C:\\Users\\stickcz\\Videos\\tutela meranny\\cotizacion\\proyecto-cotizaciones\\models\\quote.js","statementMap":{"0":{"start":{"line":2,"column":11},"end":{"line":2,"column":40}},"1":{"start":{"line":4,"column":14},"end":{"line":50,"column":1}},"2":{"start":{"line":6,"column":8},"end":{"line":13,"column":10}},"3":{"start":{"line":16,"column":8},"end":{"line":16,"column":120}},"4":{"start":{"line":19,"column":8},"end":{"line":37,"column":10}},"5":{"start":{"line":40,"column":38},"end":{"line":40,"column":43}},"6":{"start":{"line":41,"column":8},"end":{"line":41,"column":102}},"7":{"start":{"line":44,"column":8},"end":{"line":48,"column":10}},"8":{"start":{"line":45,"column":103},"end":{"line":45,"column":117}},"9":{"start":{"line":52,"column":0},"end":{"line":52,"column":23}}},"fnMap":{"0":{"name":"(anonymous_0)","decl":{"start":{"line":5,"column":12},"end":{"line":5,"column":13}},"loc":{"start":{"line":5,"column":26},"end":{"line":14,"column":5}},"line":5},"1":{"name":"(anonymous_1)","decl":{"start":{"line":15,"column":13},"end":{"line":15,"column":14}},"loc":{"start":{"line":15,"column":31},"end":{"line":17,"column":5}},"line":15},"2":{"name":"(anonymous_2)","decl":{"start":{"line":18,"column":23},"end":{"line":18,"column":24}},"loc":{"start":{"line":18,"column":46},"end":{"line":38,"column":5}},"line":18},"3":{"name":"(anonymous_3)","decl":{"start":{"line":39,"column":12},"end":{"line":39,"column":13}},"loc":{"start":{"line":39,"column":33},"end":{"line":42,"column":5}},"line":39},"4":{"name":"(anonymous_4)","decl":{"start":{"line":43,"column":14},"end":{"line":43,"column":15}},"loc":{"start":{"line":43,"column":35},"end":{"line":49,"column":5}},"line":43},"5":{"name":"(anonymous_5)","decl":{"start":{"line":45,"column":97},"end":{"line":45,"column":98}},"loc":{"start":{"line":45,"column":103},"end":{"line":45,"column":117}},"line":45}},"branchMap":{},"s":{"0":1,"1":1,"2":0,"3":0,"4":0,"5":0,"6":0,"7":0,"8":0,"9":1},"f":{"0":0,"1":0,"2":0,"3":0,"4":0,"5":0},"b":{},"_coverageSchema":"1a1c01bbd47fc00a2c39e90264f33305004495a9","hash":"c41fa0497d935cf1e23dbd00a8fb0a9a6c6bf2f1"}
,"C:\\Users\\stickcz\\Videos\\tutela meranny\\cotizacion\\proyecto-cotizaciones\\models\\recorder.js": {"path":"C:\\Users\\stickcz\\Videos\\tutela meranny\\cotizacion\\proyecto-cotizaciones\\models\\recorder.js","statementMap":{"0":{"start":{"line":2,"column":11},"end":{"line":2,"column":40}},"1":{"start":{"line":6,"column":8},"end":{"line":6,"column":27}},"2":{"start":{"line":7,"column":8},"end":{"line":7,"column":33}},"3":{"start":{"line":8,"column":8},"end":{"line":8,"column":37}},"4":{"start":{"line":9,"column":8},"end":{"line":9,"column":37}},"5":{"start":{"line":10,"column":8},"end":{"line":10,"column":27}},"6":{"start":{"line":14,"column":8},"end":{"line":14,"column":56}},"7":{"start":{"line":18,"column":8},"end":{"line":18,"column":71}},"8":{"start":{"line":22,"column":8},"end":{"line":26,"column":10}},"9":{"start":{"line":30,"column":8},"end":{"line":34,"column":10}},"10":{"start":{"line":38,"column":8},"end":{"line":38,"column":69}},"11":{"start":{"line":42,"column":0},"end":{"line":42,"column":26}}},"fnMap":{"0":{"name":"(anonymous_0)","decl":{"start":{"line":5,"column":4},"end":{"line":5,"column":5}},"loc":{"start":{"line":5,"column":64},"end":{"line":11,"column":5}},"line":5},"1":{"name":"(anonymous_1)","decl":{"start":{"line":13,"column":4},"end":{"line":13,"column":5}},"loc":{"start":{"line":13,"column":28},"end":{"line":15,"column":5}},"line":13},"2":{"name":"(anonymous_2)","decl":{"start":{"line":17,"column":4},"end":{"line":17,"column":5}},"loc":{"start":{"line":17,"column":33},"end":{"line":19,"column":5}},"line":17},"3":{"name":"(anonymous_3)","decl":{"start":{"line":21,"column":4},"end":{"line":21,"column":5}},"loc":{"start":{"line":21,"column":19},"end":{"line":27,"column":5}},"line":21},"4":{"name":"(anonymous_4)","decl":{"start":{"line":29,"column":4},"end":{"line":29,"column":5}},"loc":{"start":{"line":29,"column":80},"end":{"line":35,"column":5}},"line":29},"5":{"name":"(anonymous_5)","decl":{"start":{"line":37,"column":4},"end":{"line":37,"column":5}},"loc":{"start":{"line":37,"column":32},"end":{"line":39,"column":5}},"line":37}},"branchMap":{},"s":{"0":1,"1":0,"2":0,"3":0,"4":0,"5":0,"6":0,"7":0,"8":0,"9":0,"10":0,"11":1},"f":{"0":0,"1":0,"2":0,"3":0,"4":0,"5":0},"b":{},"_coverageSchema":"1a1c01bbd47fc00a2c39e90264f33305004495a9","hash":"7223779adf24e18c147f704b2ad30f017182a731"}
,"C:\\Users\\stickcz\\Videos\\tutela meranny\\cotizacion\\proyecto-cotizaciones\\models\\user.js": {"path":"C:\\Users\\stickcz\\Videos\\tutela meranny\\cotizacion\\proyecto-cotizaciones\\models\\user.js","statementMap":{"0":{"start":{"line":1,"column":11},"end":{"line":1,"column":40}},"1":{"start":{"line":2,"column":15},"end":{"line":2,"column":34}},"2":{"start":{"line":6,"column":8},"end":{"line":6,"column":33}},"3":{"start":{"line":7,"column":8},"end":{"line":7,"column":27}},"4":{"start":{"line":8,"column":8},"end":{"line":8,"column":33}},"5":{"start":{"line":12,"column":31},"end":{"line":12,"column":62}},"6":{"start":{"line":13,"column":8},"end":{"line":19,"column":11}},"7":{"start":{"line":14,"column":24},"end":{"line":14,"column":88}},"8":{"start":{"line":15,"column":12},"end":{"line":18,"column":15}},"9":{"start":{"line":16,"column":16},"end":{"line":16,"column":44}},"10":{"start":{"line":16,"column":25},"end":{"line":16,"column":44}},"11":{"start":{"line":17,"column":16},"end":{"line":17,"column":37}},"12":{"start":{"line":23,"column":8},"end":{"line":29,"column":11}},"13":{"start":{"line":24,"column":24},"end":{"line":24,"column":61}},"14":{"start":{"line":25,"column":12},"end":{"line":28,"column":15}},"15":{"start":{"line":26,"column":16},"end":{"line":26,"column":44}},"16":{"start":{"line":26,"column":25},"end":{"line":26,"column":44}},"17":{"start":{"line":27,"column":16},"end":{"line":27,"column":30}},"18":{"start":{"line":33,"column":8},"end":{"line":39,"column":11}},"19":{"start":{"line":34,"column":24},"end":{"line":34,"column":43}},"20":{"start":{"line":35,"column":12},"end":{"line":38,"column":15}},"21":{"start":{"line":36,"column":16},"end":{"line":36,"column":44}},"22":{"start":{"line":36,"column":25},"end":{"line":36,"column":44}},"23":{"start":{"line":37,"column":16},"end":{"line":37,"column":26}},"24":{"start":{"line":43,"column":8},"end":{"line":43,"column":56}},"25":{"start":{"line":47,"column":0},"end":{"line":47,"column":22}}},"fnMap":{"0":{"name":"(anonymous_0)","decl":{"start":{"line":5,"column":4},"end":{"line":5,"column":5}},"loc":{"start":{"line":5,"column":43},"end":{"line":9,"column":5}},"line":5},"1":{"name":"(anonymous_1)","decl":{"start":{"line":11,"column":4},"end":{"line":11,"column":5}},"loc":{"start":{"line":11,"column":51},"end":{"line":20,"column":5}},"line":11},"2":{"name":"(anonymous_2)","decl":{"start":{"line":13,"column":27},"end":{"line":13,"column":28}},"loc":{"start":{"line":13,"column":48},"end":{"line":19,"column":9}},"line":13},"3":{"name":"(anonymous_3)","decl":{"start":{"line":15,"column":59},"end":{"line":15,"column":60}},"loc":{"start":{"line":15,"column":73},"end":{"line":18,"column":13}},"line":15},"4":{"name":"(anonymous_4)","decl":{"start":{"line":22,"column":4},"end":{"line":22,"column":5}},"loc":{"start":{"line":22,"column":36},"end":{"line":30,"column":5}},"line":22},"5":{"name":"(anonymous_5)","decl":{"start":{"line":23,"column":27},"end":{"line":23,"column":28}},"loc":{"start":{"line":23,"column":48},"end":{"line":29,"column":9}},"line":23},"6":{"name":"(anonymous_6)","decl":{"start":{"line":25,"column":33},"end":{"line":25,"column":34}},"loc":{"start":{"line":25,"column":48},"end":{"line":28,"column":13}},"line":25},"7":{"name":"(anonymous_7)","decl":{"start":{"line":32,"column":4},"end":{"line":32,"column":5}},"loc":{"start":{"line":32,"column":29},"end":{"line":40,"column":5}},"line":32},"8":{"name":"(anonymous_8)","decl":{"start":{"line":33,"column":27},"end":{"line":33,"column":28}},"loc":{"start":{"line":33,"column":48},"end":{"line":39,"column":9}},"line":33},"9":{"name":"(anonymous_9)","decl":{"start":{"line":35,"column":28},"end":{"line":35,"column":29}},"loc":{"start":{"line":35,"column":37},"end":{"line":38,"column":13}},"line":35},"10":{"name":"(anonymous_10)","decl":{"start":{"line":42,"column":4},"end":{"line":42,"column":5}},"loc":{"start":{"line":42,"column":60},"end":{"line":44,"column":5}},"line":42}},"branchMap":{"0":{"loc":{"start":{"line":16,"column":16},"end":{"line":16,"column":44}},"type":"if","locations":[{"start":{"line":16,"column":16},"end":{"line":16,"column":44}},{"start":{},"end":{}}],"line":16},"1":{"loc":{"start":{"line":26,"column":16},"end":{"line":26,"column":44}},"type":"if","locations":[{"start":{"line":26,"column":16},"end":{"line":26,"column":44}},{"start":{},"end":{}}],"line":26},"2":{"loc":{"start":{"line":36,"column":16},"end":{"line":36,"column":44}},"type":"if","locations":[{"start":{"line":36,"column":16},"end":{"line":36,"column":44}},{"start":{},"end":{}}],"line":36}},"s":{"0":1,"1":1,"2":0,"3":0,"4":0,"5":3,"6":3,"7":3,"8":3,"9":3,"10":0,"11":3,"12":2,"13":2,"14":2,"15":2,"16":0,"17":2,"18":4,"19":4,"20":4,"21":4,"22":0,"23":4,"24":0,"25":1},"f":{"0":0,"1":3,"2":3,"3":3,"4":2,"5":2,"6":2,"7":4,"8":4,"9":4,"10":0},"b":{"0":[0,3],"1":[0,2],"2":[0,4]},"_coverageSchema":"1a1c01bbd47fc00a2c39e90264f33305004495a9","hash":"875c42cbf6c8de2d946f0931c0b1f460705d7367"}
,"C:\\Users\\stickcz\\Videos\\tutela meranny\\cotizacion\\proyecto-cotizaciones\\routes\\auth.js": {"path":"C:\\Users\\stickcz\\Videos\\tutela meranny\\cotizacion\\proyecto-cotizaciones\\routes\\auth.js","statementMap":{"0":{"start":{"line":2,"column":16},"end":{"line":2,"column":34}},"1":{"start":{"line":3,"column":15},"end":{"line":3,"column":31}},"2":{"start":{"line":4,"column":23},"end":{"line":4,"column":63}},"3":{"start":{"line":6,"column":0},"end":{"line":6,"column":46}},"4":{"start":{"line":7,"column":0},"end":{"line":7,"column":48}},"5":{"start":{"line":8,"column":0},"end":{"line":8,"column":52}},"6":{"start":{"line":9,"column":0},"end":{"line":9,"column":54}},"7":{"start":{"line":10,"column":0},"end":{"line":10,"column":45}},"8":{"start":{"line":12,"column":0},"end":{"line":12,"column":24}}},"fnMap":{},"branchMap":{},"s":{"0":1,"1":1,"2":1,"3":1,"4":1,"5":1,"6":1,"7":1,"8":1},"f":{},"b":{},"_coverageSchema":"1a1c01bbd47fc00a2c39e90264f33305004495a9","hash":"25c95d518e4f4b152537c70ecd32a79fbde891e9"}
,"C:\\Users\\stickcz\\Videos\\tutela meranny\\cotizacion\\proyecto-cotizaciones\\routes\\dashboard.js": {"path":"C:\\Users\\stickcz\\Videos\\tutela meranny\\cotizacion\\proyecto-cotizaciones\\routes\\dashboard.js","statementMap":{"0":{"start":{"line":1,"column":16},"end":{"line":1,"column":34}},"1":{"start":{"line":2,"column":15},"end":{"line":2,"column":31}},"2":{"start":{"line":3,"column":28},"end":{"line":3,"column":73}},"3":{"start":{"line":6,"column":0},"end":{"line":6,"column":59}},"4":{"start":{"line":7,"column":0},"end":{"line":7,"column":76}},"5":{"start":{"line":10,"column":0},"end":{"line":10,"column":68}},"6":{"start":{"line":11,"column":0},"end":{"line":11,"column":66}},"7":{"start":{"line":12,"column":0},"end":{"line":12,"column":71}},"8":{"start":{"line":13,"column":0},"end":{"line":13,"column":76}},"9":{"start":{"line":14,"column":0},"end":{"line":14,"column":75}},"10":{"start":{"line":17,"column":0},"end":{"line":17,"column":72}},"11":{"start":{"line":18,"column":0},"end":{"line":18,"column":70}},"12":{"start":{"line":19,"column":0},"end":{"line":19,"column":75}},"13":{"start":{"line":20,"column":0},"end":{"line":20,"column":80}},"14":{"start":{"line":21,"column":0},"end":{"line":21,"column":80}},"15":{"start":{"line":24,"column":0},"end":{"line":24,"column":78}},"16":{"start":{"line":25,"column":0},"end":{"line":25,"column":81}},"17":{"start":{"line":26,"column":0},"end":{"line":26,"column":86}},"18":{"start":{"line":27,"column":0},"end":{"line":27,"column":91}},"19":{"start":{"line":28,"column":0},"end":{"line":28,"column":91}},"20":{"start":{"line":31,"column":0},"end":{"line":31,"column":76}},"21":{"start":{"line":32,"column":0},"end":{"line":32,"column":73}},"22":{"start":{"line":33,"column":0},"end":{"line":33,"column":78}},"23":{"start":{"line":34,"column":0},"end":{"line":34,"column":83}},"24":{"start":{"line":35,"column":0},"end":{"line":35,"column":83}},"25":{"start":{"line":38,"column":0},"end":{"line":38,"column":66}},"26":{"start":{"line":39,"column":0},"end":{"line":39,"column":64}},"27":{"start":{"line":40,"column":0},"end":{"line":40,"column":69}},"28":{"start":{"line":41,"column":0},"end":{"line":41,"column":74}},"29":{"start":{"line":42,"column":0},"end":{"line":42,"column":74}},"30":{"start":{"line":45,"column":0},"end":{"line":45,"column":74}},"31":{"start":{"line":46,"column":0},"end":{"line":46,"column":73}},"32":{"start":{"line":47,"column":0},"end":{"line":47,"column":78}},"33":{"start":{"line":48,"column":0},"end":{"line":48,"column":83}},"34":{"start":{"line":49,"column":0},"end":{"line":49,"column":83}},"35":{"start":{"line":52,"column":0},"end":{"line":52,"column":64}},"36":{"start":{"line":53,"column":0},"end":{"line":53,"column":75}},"37":{"start":{"line":55,"column":0},"end":{"line":55,"column":24}}},"fnMap":{},"branchMap":{},"s":{"0":1,"1":1,"2":1,"3":1,"4":1,"5":1,"6":1,"7":1,"8":1,"9":1,"10":1,"11":1,"12":1,"13":1,"14":1,"15":1,"16":1,"17":1,"18":1,"19":1,"20":1,"21":1,"22":1,"23":1,"24":1,"25":1,"26":1,"27":1,"28":1,"29":1,"30":1,"31":1,"32":1,"33":1,"34":1,"35":1,"36":1,"37":1},"f":{},"b":{},"_coverageSchema":"1a1c01bbd47fc00a2c39e90264f33305004495a9","hash":"47b68620f2ba4f03f071a45254ad25a1531ee03f"}
,"C:\\Users\\stickcz\\Videos\\tutela meranny\\cotizacion\\proyecto-cotizaciones\\routes\\quote.js": {"path":"C:\\Users\\stickcz\\Videos\\tutela meranny\\cotizacion\\proyecto-cotizaciones\\routes\\quote.js","statementMap":{"0":{"start":{"line":2,"column":16},"end":{"line":2,"column":34}},"1":{"start":{"line":3,"column":15},"end":{"line":3,"column":31}},"2":{"start":{"line":4,"column":24},"end":{"line":4,"column":65}},"3":{"start":{"line":5,"column":32},"end":{"line":5,"column":61}},"4":{"start":{"line":7,"column":0},"end":{"line":7,"column":81}},"5":{"start":{"line":8,"column":0},"end":{"line":8,"column":83}},"6":{"start":{"line":9,"column":0},"end":{"line":9,"column":55}},"7":{"start":{"line":10,"column":0},"end":{"line":10,"column":70}},"8":{"start":{"line":12,"column":0},"end":{"line":12,"column":24}}},"fnMap":{},"branchMap":{},"s":{"0":1,"1":1,"2":1,"3":1,"4":1,"5":1,"6":1,"7":1,"8":1},"f":{},"b":{},"_coverageSchema":"1a1c01bbd47fc00a2c39e90264f33305004495a9","hash":"c8bba3a8b5468530dccb591bdec4338acda1d7c4"}
,"C:\\Users\\stickcz\\Videos\\tutela meranny\\cotizacion\\proyecto-cotizaciones\\utils\\logger.js": {"path":"C:\\Users\\stickcz\\Videos\\tutela meranny\\cotizacion\\proyecto-cotizaciones\\utils\\logger.js","statementMap":{"0":{"start":{"line":1,"column":16},"end":{"line":1,"column":34}},"1":{"start":{"line":2,"column":13},"end":{"line":2,"column":28}},"2":{"start":{"line":4,"column":15},"end":{"line":24,"column":2}},"3":{"start":{"line":26,"column":0},"end":{"line":33,"column":1}},"4":{"start":{"line":27,"column":2},"end":{"line":32,"column":6}},"5":{"start":{"line":35,"column":0},"end":{"line":35,"column":24}}},"fnMap":{},"branchMap":{"0":{"loc":{"start":{"line":26,"column":0},"end":{"line":33,"column":1}},"type":"if","locations":[{"start":{"line":26,"column":0},"end":{"line":33,"column":1}},{"start":{},"end":{}}],"line":26}},"s":{"0":1,"1":1,"2":1,"3":1,"4":1,"5":1},"f":{},"b":{"0":[1,0]},"_coverageSchema":"1a1c01bbd47fc00a2c39e90264f33305004495a9","hash":"0a7ef18a23a0c04e7245512c87680a97486e8108"}
}
