TN:
SF:app.js
FN:45,(anonymous_0)
FN:62,(anonymous_1)
FN:69,(anonymous_2)
FN:80,(anonymous_3)
FNF:4
FNH:3
FNDA:3,(anonymous_0)
FNDA:0,(anonymous_1)
FNDA:1,(anonymous_2)
FNDA:1,(anonymous_3)
DA:1,1
DA:2,1
DA:3,1
DA:4,1
DA:5,1
DA:6,1
DA:7,1
DA:8,1
DA:10,1
DA:13,1
DA:14,1
DA:17,1
DA:18,1
DA:19,1
DA:22,1
DA:37,1
DA:40,1
DA:41,1
DA:42,1
DA:45,1
DA:46,3
DA:47,3
DA:48,3
DA:49,3
DA:53,1
DA:54,1
DA:55,1
DA:57,1
DA:58,1
DA:59,1
DA:62,1
DA:63,0
DA:69,1
DA:70,1
DA:71,1
DA:79,1
DA:80,1
DA:81,1
DA:84,1
DA:87,1
DA:88,1
DA:99,1
DA:100,1
DA:104,1
LF:44
LH:43
BRDA:24,0,0,1
BRDA:24,0,1,0
BRDA:27,1,0,1
BRDA:27,1,1,0
BRDA:74,2,0,0
BRDA:74,2,1,1
BRDA:79,3,0,1
BRDA:79,3,1,1
BRF:8
BRH:5
end_of_record
TN:
SF:config\database.js
FN:5,(anonymous_0)
FN:14,(anonymous_1)
FN:16,(anonymous_2)
FN:161,(anonymous_3)
FNF:4
FNH:3
FNDA:2,(anonymous_0)
FNDA:2,(anonymous_1)
FNDA:0,(anonymous_2)
FNDA:2,(anonymous_3)
DA:2,2
DA:5,2
DA:6,2
DA:7,0
DA:9,2
DA:14,2
DA:16,2
DA:17,0
DA:29,2
DA:43,2
DA:61,2
DA:73,2
DA:82,2
DA:91,2
DA:101,2
DA:111,2
DA:123,2
DA:133,2
DA:145,2
DA:158,2
DA:162,2
DA:163,0
DA:165,2
DA:171,2
LF:24
LH:21
BRDA:6,0,0,0
BRDA:6,0,1,2
BRDA:162,1,0,0
BRDA:162,1,1,2
BRF:4
BRH:2
end_of_record
TN:
SF:config\passport.js
FN:5,(anonymous_0)
FN:8,(anonymous_1)
FN:26,(anonymous_2)
FN:30,(anonymous_3)
FNF:4
FNH:4
FNDA:1,(anonymous_0)
FNDA:1,(anonymous_1)
FNDA:1,(anonymous_2)
FNDA:1,(anonymous_3)
DA:1,1
DA:2,1
DA:3,1
DA:5,1
DA:6,1
DA:9,1
DA:10,1
DA:11,1
DA:12,0
DA:15,1
DA:16,1
DA:17,0
DA:20,1
DA:22,0
DA:26,1
DA:27,1
DA:30,1
DA:31,1
DA:32,1
DA:33,0
DA:35,1
LF:21
LH:17
BRDA:11,0,0,0
BRDA:11,0,1,1
BRDA:16,1,0,0
BRDA:16,1,1,1
BRF:4
BRH:2
end_of_record
TN:
SF:controllers\authController.js
FN:7,(anonymous_0)
FN:24,(anonymous_1)
FN:33,(anonymous_2)
FN:40,(anonymous_3)
FN:52,(anonymous_4)
FN:53,(anonymous_5)
FNF:6
FNH:3
FNDA:1,(anonymous_0)
FNDA:1,(anonymous_1)
FNDA:0,(anonymous_2)
FNDA:1,(anonymous_3)
FNDA:0,(anonymous_4)
FNDA:0,(anonymous_5)
DA:2,1
DA:3,1
DA:4,1
DA:5,1
DA:7,1
DA:8,1
DA:9,1
DA:15,0
DA:16,0
DA:24,1
DA:25,1
DA:33,1
DA:34,0
DA:40,1
DA:41,1
DA:42,1
DA:43,1
DA:44,1
DA:45,1
DA:47,0
DA:48,0
DA:52,1
DA:53,0
DA:54,0
DA:55,0
DA:56,0
LF:26
LH:17
BRDA:19,0,0,0
BRDA:19,0,1,0
BRDA:54,1,0,0
BRDA:54,1,1,0
BRF:4
BRH:0
end_of_record
TN:
SF:controllers\dashboardController.js
FN:10,(anonymous_0)
FN:18,(anonymous_1)
FN:19,(anonymous_2)
FN:30,(anonymous_3)
FN:33,(anonymous_4)
FN:39,(anonymous_5)
FN:41,(anonymous_6)
FN:58,(anonymous_7)
FN:62,(anonymous_8)
FN:68,(anonymous_9)
FN:70,(anonymous_10)
FN:76,(anonymous_11)
FN:77,(anonymous_12)
FN:88,(anonymous_13)
FN:91,(anonymous_14)
FN:97,(anonymous_15)
FN:99,(anonymous_16)
FN:116,(anonymous_17)
FN:120,(anonymous_18)
FN:126,(anonymous_19)
FN:128,(anonymous_20)
FN:134,(anonymous_21)
FN:135,(anonymous_22)
FN:146,(anonymous_23)
FN:149,(anonymous_24)
FN:155,(anonymous_25)
FN:157,(anonymous_26)
FN:174,(anonymous_27)
FN:178,(anonymous_28)
FN:184,(anonymous_29)
FN:186,(anonymous_30)
FN:192,(anonymous_31)
FN:193,(anonymous_32)
FN:204,(anonymous_33)
FN:207,(anonymous_34)
FN:213,(anonymous_35)
FN:215,(anonymous_36)
FN:232,(anonymous_37)
FN:236,(anonymous_38)
FN:242,(anonymous_39)
FN:244,(anonymous_40)
FN:250,(anonymous_41)
FN:251,(anonymous_42)
FN:262,(anonymous_43)
FN:265,(anonymous_44)
FN:271,(anonymous_45)
FN:273,(anonymous_46)
FN:290,(anonymous_47)
FN:294,(anonymous_48)
FN:300,(anonymous_49)
FN:302,(anonymous_50)
FN:308,(anonymous_51)
FN:309,(anonymous_52)
FN:320,(anonymous_53)
FN:323,(anonymous_54)
FN:329,(anonymous_55)
FN:331,(anonymous_56)
FN:348,(anonymous_57)
FN:352,(anonymous_58)
FN:358,(anonymous_59)
FN:360,(anonymous_60)
FN:366,(anonymous_61)
FN:367,(anonymous_62)
FN:384,(anonymous_63)
FN:386,(anonymous_64)
FN:392,(anonymous_65)
FN:394,(anonymous_66)
FN:397,(anonymous_67)
FN:398,(anonymous_68)
FN:400,(anonymous_69)
FN:401,(anonymous_70)
FN:403,(anonymous_71)
FN:404,(anonymous_72)
FN:406,(anonymous_73)
FN:407,(anonymous_74)
FN:409,(anonymous_75)
FN:410,(anonymous_76)
FN:432,(anonymous_77)
FN:433,(anonymous_78)
FNF:79
FNH:0
FNDA:0,(anonymous_0)
FNDA:0,(anonymous_1)
FNDA:0,(anonymous_2)
FNDA:0,(anonymous_3)
FNDA:0,(anonymous_4)
FNDA:0,(anonymous_5)
FNDA:0,(anonymous_6)
FNDA:0,(anonymous_7)
FNDA:0,(anonymous_8)
FNDA:0,(anonymous_9)
FNDA:0,(anonymous_10)
FNDA:0,(anonymous_11)
FNDA:0,(anonymous_12)
FNDA:0,(anonymous_13)
FNDA:0,(anonymous_14)
FNDA:0,(anonymous_15)
FNDA:0,(anonymous_16)
FNDA:0,(anonymous_17)
FNDA:0,(anonymous_18)
FNDA:0,(anonymous_19)
FNDA:0,(anonymous_20)
FNDA:0,(anonymous_21)
FNDA:0,(anonymous_22)
FNDA:0,(anonymous_23)
FNDA:0,(anonymous_24)
FNDA:0,(anonymous_25)
FNDA:0,(anonymous_26)
FNDA:0,(anonymous_27)
FNDA:0,(anonymous_28)
FNDA:0,(anonymous_29)
FNDA:0,(anonymous_30)
FNDA:0,(anonymous_31)
FNDA:0,(anonymous_32)
FNDA:0,(anonymous_33)
FNDA:0,(anonymous_34)
FNDA:0,(anonymous_35)
FNDA:0,(anonymous_36)
FNDA:0,(anonymous_37)
FNDA:0,(anonymous_38)
FNDA:0,(anonymous_39)
FNDA:0,(anonymous_40)
FNDA:0,(anonymous_41)
FNDA:0,(anonymous_42)
FNDA:0,(anonymous_43)
FNDA:0,(anonymous_44)
FNDA:0,(anonymous_45)
FNDA:0,(anonymous_46)
FNDA:0,(anonymous_47)
FNDA:0,(anonymous_48)
FNDA:0,(anonymous_49)
FNDA:0,(anonymous_50)
FNDA:0,(anonymous_51)
FNDA:0,(anonymous_52)
FNDA:0,(anonymous_53)
FNDA:0,(anonymous_54)
FNDA:0,(anonymous_55)
FNDA:0,(anonymous_56)
FNDA:0,(anonymous_57)
FNDA:0,(anonymous_58)
FNDA:0,(anonymous_59)
FNDA:0,(anonymous_60)
FNDA:0,(anonymous_61)
FNDA:0,(anonymous_62)
FNDA:0,(anonymous_63)
FNDA:0,(anonymous_64)
FNDA:0,(anonymous_65)
FNDA:0,(anonymous_66)
FNDA:0,(anonymous_67)
FNDA:0,(anonymous_68)
FNDA:0,(anonymous_69)
FNDA:0,(anonymous_70)
FNDA:0,(anonymous_71)
FNDA:0,(anonymous_72)
FNDA:0,(anonymous_73)
FNDA:0,(anonymous_74)
FNDA:0,(anonymous_75)
FNDA:0,(anonymous_76)
FNDA:0,(anonymous_77)
FNDA:0,(anonymous_78)
DA:1,1
DA:2,1
DA:3,1
DA:4,1
DA:5,1
DA:6,1
DA:7,1
DA:8,1
DA:10,1
DA:11,0
DA:18,1
DA:19,0
DA:20,0
DA:21,0
DA:30,1
DA:31,0
DA:32,0
DA:33,0
DA:34,0
DA:35,0
DA:39,1
DA:40,0
DA:41,0
DA:42,0
DA:43,0
DA:49,0
DA:58,1
DA:59,0
DA:60,0
DA:61,0
DA:62,0
DA:63,0
DA:64,0
DA:68,1
DA:69,0
DA:70,0
DA:71,0
DA:72,0
DA:76,1
DA:77,0
DA:78,0
DA:79,0
DA:88,1
DA:89,0
DA:90,0
DA:91,0
DA:92,0
DA:93,0
DA:97,1
DA:98,0
DA:99,0
DA:100,0
DA:101,0
DA:107,0
DA:116,1
DA:117,0
DA:118,0
DA:119,0
DA:120,0
DA:121,0
DA:122,0
DA:126,1
DA:127,0
DA:128,0
DA:129,0
DA:130,0
DA:134,1
DA:135,0
DA:136,0
DA:137,0
DA:146,1
DA:147,0
DA:148,0
DA:149,0
DA:150,0
DA:151,0
DA:155,1
DA:156,0
DA:157,0
DA:158,0
DA:159,0
DA:165,0
DA:174,1
DA:175,0
DA:176,0
DA:177,0
DA:178,0
DA:179,0
DA:180,0
DA:184,1
DA:185,0
DA:186,0
DA:187,0
DA:188,0
DA:192,1
DA:193,0
DA:194,0
DA:195,0
DA:204,1
DA:205,0
DA:206,0
DA:207,0
DA:208,0
DA:209,0
DA:213,1
DA:214,0
DA:215,0
DA:216,0
DA:217,0
DA:223,0
DA:232,1
DA:233,0
DA:234,0
DA:235,0
DA:236,0
DA:237,0
DA:238,0
DA:242,1
DA:243,0
DA:244,0
DA:245,0
DA:246,0
DA:250,1
DA:251,0
DA:252,0
DA:253,0
DA:262,1
DA:263,0
DA:264,0
DA:265,0
DA:266,0
DA:267,0
DA:271,1
DA:272,0
DA:273,0
DA:274,0
DA:275,0
DA:281,0
DA:290,1
DA:291,0
DA:292,0
DA:293,0
DA:294,0
DA:295,0
DA:296,0
DA:300,1
DA:301,0
DA:302,0
DA:303,0
DA:304,0
DA:308,1
DA:309,0
DA:310,0
DA:311,0
DA:320,1
DA:321,0
DA:322,0
DA:323,0
DA:324,0
DA:325,0
DA:329,1
DA:330,0
DA:331,0
DA:332,0
DA:333,0
DA:339,0
DA:348,1
DA:349,0
DA:350,0
DA:351,0
DA:352,0
DA:353,0
DA:354,0
DA:358,1
DA:359,0
DA:360,0
DA:361,0
DA:362,0
DA:366,1
DA:367,0
DA:368,0
DA:369,0
DA:375,0
DA:384,1
DA:385,0
DA:386,0
DA:387,0
DA:388,0
DA:392,1
DA:394,0
DA:395,0
DA:396,0
DA:398,0
DA:401,0
DA:404,0
DA:407,0
DA:410,0
DA:414,0
DA:425,0
DA:429,0
DA:432,1
DA:433,0
DA:434,0
DA:435,0
LF:204
LH:43
BRDA:20,0,0,0
BRDA:20,0,1,0
BRDA:25,1,0,0
BRDA:25,1,1,0
BRDA:34,2,0,0
BRDA:34,2,1,0
BRDA:42,3,0,0
BRDA:42,3,1,0
BRDA:43,4,0,0
BRDA:43,4,1,0
BRDA:63,5,0,0
BRDA:63,5,1,0
BRDA:71,6,0,0
BRDA:71,6,1,0
BRDA:78,7,0,0
BRDA:78,7,1,0
BRDA:83,8,0,0
BRDA:83,8,1,0
BRDA:92,9,0,0
BRDA:92,9,1,0
BRDA:100,10,0,0
BRDA:100,10,1,0
BRDA:101,11,0,0
BRDA:101,11,1,0
BRDA:121,12,0,0
BRDA:121,12,1,0
BRDA:129,13,0,0
BRDA:129,13,1,0
BRDA:136,14,0,0
BRDA:136,14,1,0
BRDA:141,15,0,0
BRDA:141,15,1,0
BRDA:150,16,0,0
BRDA:150,16,1,0
BRDA:158,17,0,0
BRDA:158,17,1,0
BRDA:159,18,0,0
BRDA:159,18,1,0
BRDA:179,19,0,0
BRDA:179,19,1,0
BRDA:187,20,0,0
BRDA:187,20,1,0
BRDA:194,21,0,0
BRDA:194,21,1,0
BRDA:199,22,0,0
BRDA:199,22,1,0
BRDA:208,23,0,0
BRDA:208,23,1,0
BRDA:216,24,0,0
BRDA:216,24,1,0
BRDA:217,25,0,0
BRDA:217,25,1,0
BRDA:237,26,0,0
BRDA:237,26,1,0
BRDA:245,27,0,0
BRDA:245,27,1,0
BRDA:252,28,0,0
BRDA:252,28,1,0
BRDA:257,29,0,0
BRDA:257,29,1,0
BRDA:266,30,0,0
BRDA:266,30,1,0
BRDA:274,31,0,0
BRDA:274,31,1,0
BRDA:275,32,0,0
BRDA:275,32,1,0
BRDA:295,33,0,0
BRDA:295,33,1,0
BRDA:303,34,0,0
BRDA:303,34,1,0
BRDA:310,35,0,0
BRDA:310,35,1,0
BRDA:315,36,0,0
BRDA:315,36,1,0
BRDA:324,37,0,0
BRDA:324,37,1,0
BRDA:332,38,0,0
BRDA:332,38,1,0
BRDA:333,39,0,0
BRDA:333,39,1,0
BRDA:353,40,0,0
BRDA:353,40,1,0
BRDA:361,41,0,0
BRDA:361,41,1,0
BRDA:368,42,0,0
BRDA:368,42,1,0
BRDA:369,43,0,0
BRDA:369,43,1,0
BRDA:387,44,0,0
BRDA:387,44,1,0
BRDA:398,45,0,0
BRDA:398,45,1,0
BRDA:401,46,0,0
BRDA:401,46,1,0
BRDA:404,47,0,0
BRDA:404,47,1,0
BRDA:407,48,0,0
BRDA:407,48,1,0
BRDA:410,49,0,0
BRDA:410,49,1,0
BRDA:418,50,0,0
BRDA:418,50,1,0
BRDA:419,51,0,0
BRDA:419,51,1,0
BRDA:420,52,0,0
BRDA:420,52,1,0
BRDA:421,53,0,0
BRDA:421,53,1,0
BRDA:422,54,0,0
BRDA:422,54,1,0
BRDA:434,55,0,0
BRDA:434,55,1,0
BRDA:439,56,0,0
BRDA:439,56,1,0
BRF:114
BRH:0
end_of_record
TN:
SF:controllers\quoteController.js
FN:12,(anonymous_0)
FN:38,(anonymous_1)
FN:55,(anonymous_2)
FN:62,createQuote
FN:64,(anonymous_4)
FN:83,(anonymous_5)
FN:84,(anonymous_6)
FN:85,(anonymous_7)
FN:86,(anonymous_8)
FN:87,(anonymous_9)
FN:88,(anonymous_10)
FN:92,(anonymous_11)
FN:100,(anonymous_12)
FN:102,(anonymous_13)
FN:104,(anonymous_14)
FN:106,(anonymous_15)
FN:119,(anonymous_16)
FN:120,(anonymous_17)
FN:129,dbAll
FN:130,(anonymous_19)
FN:132,(anonymous_20)
FNF:21
FNH:0
FNDA:0,(anonymous_0)
FNDA:0,(anonymous_1)
FNDA:0,(anonymous_2)
FNDA:0,createQuote
FNDA:0,(anonymous_4)
FNDA:0,(anonymous_5)
FNDA:0,(anonymous_6)
FNDA:0,(anonymous_7)
FNDA:0,(anonymous_8)
FNDA:0,(anonymous_9)
FNDA:0,(anonymous_10)
FNDA:0,(anonymous_11)
FNDA:0,(anonymous_12)
FNDA:0,(anonymous_13)
FNDA:0,(anonymous_14)
FNDA:0,(anonymous_15)
FNDA:0,(anonymous_16)
FNDA:0,(anonymous_17)
FNDA:0,dbAll
FNDA:0,(anonymous_19)
FNDA:0,(anonymous_20)
DA:2,1
DA:3,1
DA:4,1
DA:5,1
DA:6,1
DA:7,1
DA:8,1
DA:9,1
DA:10,1
DA:12,1
DA:13,0
DA:14,0
DA:23,0
DA:34,0
DA:38,1
DA:40,0
DA:41,0
DA:44,0
DA:45,0
DA:46,0
DA:48,0
DA:55,0
DA:56,0
DA:57,0
DA:58,0
DA:63,0
DA:64,0
DA:65,0
DA:66,0
DA:67,0
DA:69,0
DA:70,0
DA:71,0
DA:72,0
DA:73,0
DA:74,0
DA:76,0
DA:77,0
DA:78,0
DA:79,0
DA:80,0
DA:81,0
DA:83,0
DA:84,0
DA:85,0
DA:86,0
DA:87,0
DA:88,0
DA:90,0
DA:92,0
DA:93,0
DA:94,0
DA:100,1
DA:101,0
DA:102,0
DA:103,0
DA:104,0
DA:105,0
DA:106,0
DA:107,0
DA:108,0
DA:119,1
DA:120,0
DA:121,0
DA:122,0
DA:130,0
DA:131,0
DA:132,0
DA:133,0
DA:134,0
LF:70
LH:13
BRDA:44,0,0,0
BRDA:44,0,1,0
BRDA:56,1,0,0
BRDA:56,1,1,0
BRDA:65,2,0,0
BRDA:65,2,1,0
BRDA:69,3,0,0
BRDA:69,3,1,0
BRDA:69,4,0,0
BRDA:69,4,1,0
BRDA:70,5,0,0
BRDA:70,5,1,0
BRDA:70,6,0,0
BRDA:70,6,1,0
BRDA:71,7,0,0
BRDA:71,7,1,0
BRDA:71,8,0,0
BRDA:71,8,1,0
BRDA:72,9,0,0
BRDA:72,9,1,0
BRDA:72,10,0,0
BRDA:72,10,1,0
BRDA:73,11,0,0
BRDA:73,11,1,0
BRDA:73,12,0,0
BRDA:73,12,1,0
BRDA:74,13,0,0
BRDA:74,13,1,0
BRDA:74,14,0,0
BRDA:74,14,1,0
BRDA:76,15,0,0
BRDA:76,15,1,0
BRDA:77,16,0,0
BRDA:77,16,1,0
BRDA:78,17,0,0
BRDA:78,17,1,0
BRDA:79,18,0,0
BRDA:79,18,1,0
BRDA:80,19,0,0
BRDA:80,19,1,0
BRDA:81,20,0,0
BRDA:81,20,1,0
BRDA:83,21,0,0
BRDA:83,21,1,0
BRDA:84,22,0,0
BRDA:84,22,1,0
BRDA:85,23,0,0
BRDA:85,23,1,0
BRDA:86,24,0,0
BRDA:86,24,1,0
BRDA:87,25,0,0
BRDA:87,25,1,0
BRDA:88,26,0,0
BRDA:88,26,1,0
BRDA:90,27,0,0
BRDA:90,27,1,0
BRDA:93,28,0,0
BRDA:93,28,1,0
BRDA:103,29,0,0
BRDA:103,29,1,0
BRDA:103,30,0,0
BRDA:103,30,1,0
BRDA:105,31,0,0
BRDA:105,31,1,0
BRDA:107,32,0,0
BRDA:107,32,1,0
BRDA:121,33,0,0
BRDA:121,33,1,0
BRDA:124,34,0,0
BRDA:124,34,1,0
BRDA:133,35,0,0
BRDA:133,35,1,0
BRF:72
BRH:0
end_of_record
TN:
SF:middleware\auth.js
FN:2,(anonymous_0)
FNF:1
FNH:0
FNDA:0,(anonymous_0)
DA:2,1
DA:3,0
DA:4,0
LF:3
LH:1
BRDA:3,0,0,0
BRDA:3,0,1,0
BRF:2
BRH:0
end_of_record
TN:
SF:models\accessory.js
FN:5,(anonymous_0)
FN:8,(anonymous_1)
FNF:2
FNH:0
FNDA:0,(anonymous_0)
FNDA:0,(anonymous_1)
DA:2,1
DA:4,1
DA:6,0
DA:9,0
DA:10,0
DA:18,1
LF:6
LH:3
BRF:0
BRH:0
end_of_record
TN:
SF:models\cable.js
FN:5,(anonymous_0)
FN:8,(anonymous_1)
FNF:2
FNH:0
FNDA:0,(anonymous_0)
FNDA:0,(anonymous_1)
DA:2,1
DA:4,1
DA:6,0
DA:9,0
DA:10,0
DA:18,1
LF:6
LH:3
BRF:0
BRH:0
end_of_record
TN:
SF:models\cable_protection.js
FN:5,(anonymous_0)
FN:11,(anonymous_1)
FN:15,(anonymous_2)
FN:19,(anonymous_3)
FN:27,(anonymous_4)
FN:35,(anonymous_5)
FNF:6
FNH:0
FNDA:0,(anonymous_0)
FNDA:0,(anonymous_1)
FNDA:0,(anonymous_2)
FNDA:0,(anonymous_3)
FNDA:0,(anonymous_4)
FNDA:0,(anonymous_5)
DA:2,1
DA:6,0
DA:7,0
DA:8,0
DA:12,0
DA:16,0
DA:20,0
DA:28,0
DA:36,0
DA:40,1
LF:10
LH:2
BRF:0
BRH:0
end_of_record
TN:
SF:models\camera.js
FN:5,(anonymous_0)
FN:19,(anonymous_1)
FN:23,(anonymous_2)
FN:27,(anonymous_3)
FN:35,(anonymous_4)
FN:43,(anonymous_5)
FNF:6
FNH:0
FNDA:0,(anonymous_0)
FNDA:0,(anonymous_1)
FNDA:0,(anonymous_2)
FNDA:0,(anonymous_3)
FNDA:0,(anonymous_4)
FNDA:0,(anonymous_5)
DA:2,1
DA:6,0
DA:7,0
DA:8,0
DA:9,0
DA:10,0
DA:11,0
DA:12,0
DA:13,0
DA:14,0
DA:15,0
DA:16,0
DA:20,0
DA:24,0
DA:28,0
DA:36,0
DA:44,0
DA:48,1
LF:18
LH:2
BRF:0
BRH:0
end_of_record
TN:
SF:models\company.js
FN:18,(anonymous_0)
FN:27,(anonymous_1)
FN:31,(anonymous_2)
FN:35,(anonymous_3)
FN:43,(anonymous_4)
FNF:5
FNH:0
FNDA:0,(anonymous_0)
FNDA:0,(anonymous_1)
FNDA:0,(anonymous_2)
FNDA:0,(anonymous_3)
FNDA:0,(anonymous_4)
DA:2,1
DA:5,1
DA:19,0
DA:20,0
DA:21,0
DA:22,0
DA:23,0
DA:24,0
DA:28,0
DA:32,0
DA:36,0
DA:44,0
DA:52,1
LF:13
LH:3
BRF:0
BRH:0
end_of_record
TN:
SF:models\customer.js
FN:5,(anonymous_0)
FN:8,(anonymous_1)
FNF:2
FNH:0
FNDA:0,(anonymous_0)
FNDA:0,(anonymous_1)
DA:2,1
DA:4,1
DA:6,0
DA:9,0
DA:10,0
DA:18,1
LF:6
LH:3
BRDA:12,0,0,0
BRDA:12,0,1,0
BRDA:12,1,0,0
BRDA:12,1,1,0
BRDA:12,2,0,0
BRDA:12,2,1,0
BRF:6
BRH:0
end_of_record
TN:
SF:models\installation.js
FN:5,(anonymous_0)
FN:10,(anonymous_1)
FN:14,(anonymous_2)
FN:18,(anonymous_3)
FN:26,(anonymous_4)
FN:34,(anonymous_5)
FNF:6
FNH:0
FNDA:0,(anonymous_0)
FNDA:0,(anonymous_1)
FNDA:0,(anonymous_2)
FNDA:0,(anonymous_3)
FNDA:0,(anonymous_4)
FNDA:0,(anonymous_5)
DA:2,1
DA:6,0
DA:7,0
DA:11,0
DA:15,0
DA:19,0
DA:27,0
DA:35,0
DA:39,1
LF:9
LH:2
BRF:0
BRH:0
end_of_record
TN:
SF:models\installation_cost.js
FN:5,(anonymous_0)
FN:10,(anonymous_1)
FN:14,(anonymous_2)
FN:18,(anonymous_3)
FN:26,(anonymous_4)
FN:34,(anonymous_5)
FNF:6
FNH:0
FNDA:0,(anonymous_0)
FNDA:0,(anonymous_1)
FNDA:0,(anonymous_2)
FNDA:0,(anonymous_3)
FNDA:0,(anonymous_4)
FNDA:0,(anonymous_5)
DA:2,1
DA:6,0
DA:7,0
DA:11,0
DA:15,0
DA:19,0
DA:27,0
DA:35,0
DA:39,1
LF:9
LH:2
BRF:0
BRH:0
end_of_record
TN:
SF:models\product.js
FN:4,(anonymous_0)
FN:14,(anonymous_1)
FN:19,(anonymous_2)
FN:26,(anonymous_3)
FN:38,(anonymous_4)
FN:43,(anonymous_5)
FN:48,(anonymous_6)
FNF:7
FNH:5
FNDA:2,(anonymous_0)
FNDA:2,(anonymous_1)
FNDA:2,(anonymous_2)
FNDA:1,(anonymous_3)
FNDA:2,(anonymous_4)
FNDA:0,(anonymous_5)
FNDA:0,(anonymous_6)
DA:1,2
DA:5,2
DA:6,2
DA:7,2
DA:8,2
DA:9,2
DA:10,2
DA:11,2
DA:15,2
DA:17,2
DA:20,2
DA:21,2
DA:27,1
DA:31,1
DA:39,2
DA:40,2
DA:44,0
DA:45,0
DA:49,0
DA:50,0
DA:54,2
LF:21
LH:17
BRDA:20,0,0,0
BRDA:20,0,1,2
BRF:2
BRH:1
end_of_record
TN:
SF:models\quote.js
FN:5,(anonymous_0)
FN:15,(anonymous_1)
FN:18,(anonymous_2)
FN:39,(anonymous_3)
FN:43,(anonymous_4)
FN:45,(anonymous_5)
FNF:6
FNH:0
FNDA:0,(anonymous_0)
FNDA:0,(anonymous_1)
FNDA:0,(anonymous_2)
FNDA:0,(anonymous_3)
FNDA:0,(anonymous_4)
FNDA:0,(anonymous_5)
DA:2,1
DA:4,1
DA:6,0
DA:16,0
DA:19,0
DA:40,0
DA:41,0
DA:44,0
DA:45,0
DA:52,1
LF:10
LH:3
BRF:0
BRH:0
end_of_record
TN:
SF:models\recorder.js
FN:5,(anonymous_0)
FN:13,(anonymous_1)
FN:17,(anonymous_2)
FN:21,(anonymous_3)
FN:29,(anonymous_4)
FN:37,(anonymous_5)
FNF:6
FNH:0
FNDA:0,(anonymous_0)
FNDA:0,(anonymous_1)
FNDA:0,(anonymous_2)
FNDA:0,(anonymous_3)
FNDA:0,(anonymous_4)
FNDA:0,(anonymous_5)
DA:2,1
DA:6,0
DA:7,0
DA:8,0
DA:9,0
DA:10,0
DA:14,0
DA:18,0
DA:22,0
DA:30,0
DA:38,0
DA:42,1
LF:12
LH:2
BRF:0
BRH:0
end_of_record
TN:
SF:models\user.js
FN:5,(anonymous_0)
FN:11,(anonymous_1)
FN:13,(anonymous_2)
FN:15,(anonymous_3)
FN:22,(anonymous_4)
FN:23,(anonymous_5)
FN:25,(anonymous_6)
FN:32,(anonymous_7)
FN:33,(anonymous_8)
FN:35,(anonymous_9)
FN:42,(anonymous_10)
FNF:11
FNH:9
FNDA:0,(anonymous_0)
FNDA:3,(anonymous_1)
FNDA:3,(anonymous_2)
FNDA:3,(anonymous_3)
FNDA:2,(anonymous_4)
FNDA:2,(anonymous_5)
FNDA:2,(anonymous_6)
FNDA:4,(anonymous_7)
FNDA:4,(anonymous_8)
FNDA:4,(anonymous_9)
FNDA:0,(anonymous_10)
DA:1,1
DA:2,1
DA:6,0
DA:7,0
DA:8,0
DA:12,3
DA:13,3
DA:14,3
DA:15,3
DA:16,3
DA:17,3
DA:23,2
DA:24,2
DA:25,2
DA:26,2
DA:27,2
DA:33,4
DA:34,4
DA:35,4
DA:36,4
DA:37,4
DA:43,0
DA:47,1
LF:23
LH:19
BRDA:16,0,0,0
BRDA:16,0,1,3
BRDA:26,1,0,0
BRDA:26,1,1,2
BRDA:36,2,0,0
BRDA:36,2,1,4
BRF:6
BRH:3
end_of_record
TN:
SF:routes\auth.js
FNF:0
FNH:0
DA:2,1
DA:3,1
DA:4,1
DA:6,1
DA:7,1
DA:8,1
DA:9,1
DA:10,1
DA:12,1
LF:9
LH:9
BRF:0
BRH:0
end_of_record
TN:
SF:routes\dashboard.js
FNF:0
FNH:0
DA:1,1
DA:2,1
DA:3,1
DA:6,1
DA:7,1
DA:10,1
DA:11,1
DA:12,1
DA:13,1
DA:14,1
DA:17,1
DA:18,1
DA:19,1
DA:20,1
DA:21,1
DA:24,1
DA:25,1
DA:26,1
DA:27,1
DA:28,1
DA:31,1
DA:32,1
DA:33,1
DA:34,1
DA:35,1
DA:38,1
DA:39,1
DA:40,1
DA:41,1
DA:42,1
DA:45,1
DA:46,1
DA:47,1
DA:48,1
DA:49,1
DA:52,1
DA:53,1
DA:55,1
LF:38
LH:38
BRF:0
BRH:0
end_of_record
TN:
SF:routes\quote.js
FNF:0
FNH:0
DA:2,1
DA:3,1
DA:4,1
DA:5,1
DA:7,1
DA:8,1
DA:9,1
DA:10,1
DA:12,1
LF:9
LH:9
BRF:0
BRH:0
end_of_record
TN:
SF:utils\logger.js
FNF:0
FNH:0
DA:1,1
DA:2,1
DA:4,1
DA:26,1
DA:27,1
DA:35,1
LF:6
LH:6
BRDA:26,0,0,1
BRDA:26,0,1,0
BRF:2
BRH:1
end_of_record
